spell_slm model load success !!
句子： 0
{}
++拼音一致++
++在混淆集1++
{}
句子： 1
{}
++拼音一致++
++拼音一致++
++拼音一致++
++在混淆集1++
{}
句子： 2
{}
{}
句子： 3
{}
++拼音一致++
++拼音一致++
{}
句子： 4
{}
{}
句子： 5
++拼音一致++
{'不同凡想': '不同凡响'}
{}
句子： 6
{}
++在混淆集1++
++拼音一致++
{}
句子： 7
{}
++拼音一致++
++拼音一致++
{}
句子： 8
{}
++在混淆集1++
++在混淆集1++
{'如令': '如今'}
句子： 9
{}
++在混淆集1++
{}
句子： 10
{}
++拼音一致++
++在混淆集1++
++拼音一致++
++拼音一致++
{}
句子： 11
{}
++在混淆集1++
++在混淆集1++
++拼音一致++
{}
句子： 12
{}
++拼音一致++
++拼音一致++
++拼音一致++
++拼音一致++
++在混淆集1++
{}
句子： 13
{}
{}
句子： 14
{}
++字形相似++
++拼音一致++
{}
句子： 15
{}
{}
句子： 16
++拼音一致++
++拼音一致++
++在混淆集1++
++在混淆集1++
++在混淆集1++
{'自暴自气': '自暴自弃'}
{}
句子： 17
{}
++在混淆集1++
{}
句子： 18
{}
++拼音一致++
++字形相似++
{}
句子： 19
++拼音一致++
{'安然无样': '安然无恙'}
++拼音一致++
++在混淆集1++
{'胜力': '胜利'}
句子： 20
{}
++拼音一致++
++拼音一致++
++在混淆集1++
++字形相似++
++字形相似++
++字形相似++
++字形相似++
++字形相似++
{}
句子： 21
{}
++拼音一致++
++拼音一致++
{}
句子： 22
{}
++拼音一致++
{}
句子： 23
{}
++拼音一致++
++在混淆集1++
{}
句子： 24
{}
{}
句子： 25
{}
++拼音一致++
{}
句子： 26
{}
++拼音一致++
++在混淆集1++
++在混淆集1++
++在混淆集1++
{'道底': '到底'}
句子： 27
{}
++拼音一致++
++拼音一致++
{'毅志力': '意志力'}
============
「古之立大事者，不惟有超世之才，亦必有坚韧不拔之志。」能成功的人都有著坚韧不拔的意志力。
「古之立大事者，不惟有超世之才，亦必有坚忍不拔之志。」能成功的人都有著坚韧不拔的意志力。
「古之立大事者，不惟有超世之才，亦必有坚韧不拔之志。」能成功的人都有著坚韧不拔的意志力。
句子： 28
{}
++拼音一致++
{}
句子： 29
{}
++拼音一致++
++在混淆集1++
++在混淆集1++
{}
句子： 30
{}
++在混淆集1++
{'鼻香': '鼻香'}
句子： 31
++拼音一致++
{'脱影而出': '脱颖而出'}
{}
句子： 32
{}
++拼音一致++
{}
句子： 33
{}
++在混淆集1++
{'放睛': '放进'}
句子： 34
{}
++拼音一致++
{}
句子： 35
{}
++在混淆集1++
++在混淆集1++
++在混淆集1++
{'豪雨': '暴雨'}
句子： 36
{}
++拼音一致++
++拼音一致++
++字形相似++
{'永于': '勇于'}
句子： 37
{}
++字形相似++
{}
句子： 38
{}
++在混淆集1++
{'固难': '困难'}
句子： 39
{}
++拼音一致++
{}
句子： 40
{}
{}
句子： 41
{}
++拼音一致++
++拼音一致++
++拼音一致++
++拼音一致++
++拼音一致++
++拼音一致++
++拼音一致++
++拼音一致++
++拼音一致++
++拼音一致++
++拼音一致++
++拼音一致++
++拼音一致++
++拼音一致++
++拼音一致++
++拼音一致++
++拼音一致++
++拼音一致++
++拼音一致++
++拼音一致++
++拼音一致++
++拼音一致++
++拼音一致++
++拼音一致++
++拼音一致++
++拼音一致++
++拼音一致++
++拼音一致++
++在混淆集1++
++拼音一致++
++在混淆集1++
{'决对': '绝对'}
句子： 42
{}
{}
句子： 43
++拼音一致++
{'块炙人口': '脍炙人口'}
++拼音一致++
{'暴燥': '暴躁'}
句子： 44
{}
++拼音一致++
{}
句子： 45
{}
{}
句子： 46
{}
++在混淆集1++
++在混淆集1++
{'从新': '重新'}
句子： 47
{}
++拼音一致++
++在混淆集1++
++在混淆集1++
{}
句子： 48
{}
++在混淆集1++
++在混淆集1++
++在混淆集1++
{}
句子： 49
{}
++拼音一致++
++在混淆集1++
{'错折': '挫折'}
句子： 50
{}
{}
句子： 51
{}
++拼音一致++
++拼音一致++
{'逆竟': '逆境', '耳多': '耳朵'}
句子： 52
++拼音一致++
{'发阳光大': '发扬光大'}
{}
句子： 53
{}
++在混淆集1++
++在混淆集1++
{}
句子： 54
{}
++拼音一致++
++拼音一致++
{}
句子： 55
{}
{}
句子： 56
{}
++拼音一致++
++拼音一致++
++拼音一致++
{'救户车': '救护车'}
句子： 57
{}
++拼音一致++
++在混淆集1++
{'自已': '自己'}
句子： 58
{}
++拼音一致++
++在混淆集1++
++拼音一致++
{'必免': '避免'}
句子： 59
{}
++在混淆集1++
++拼音一致++
{}
句子： 60
{}
++拼音一致++
++在混淆集1++
++字形相似++
++字形相似++
++字形相似++
++字形相似++
++字形相似++
++在混淆集1++
{'末来': '未来'}
句子： 61
++拼音一致++
{}
++在混淆集1++
{'自已': '自己'}
句子： 62
++在混淆集1++
{}
++拼音一致++
++拼音一致++
{}
句子： 63
{}
++拼音一致++
++拼音一致++
{'放气': '放弃'}
句子： 64
{}
{}
句子： 65
{}
{}
句子： 66
{}
++拼音一致++
++在混淆集1++
++在混淆集1++
{'己经': '已经'}
句子： 67
{}
++拼音一致++
++拼音一致++
{'时后': '时候'}
句子： 68
{}
++在混淆集1++
++拼音一致++
++拼音一致++
++拼音一致++
{'妳们': '你们'}
句子： 69
{}
++在混淆集1++
++拼音一致++
{}
句子： 70
{}
++拼音一致++
++拼音一致++
{'鼓气': '鼓起'}
句子： 71
{}
++拼音一致++
{'恶梦': '噩梦'}
句子： 72
{}
++在混淆集1++
++拼音一致++
++拼音一致++
{}
句子： 73
{}
++拼音一致++
++在混淆集1++
++在混淆集1++
{}
句子： 74
{}
{}
句子： 75
{}
++在混淆集1++
++在混淆集1++
{'从新': '重新'}
句子： 76
{}
++在混淆集1++
++拼音一致++
{'恢愎': '恢复', '恐布': '恐怖'}
句子： 77
{}
++拼音一致++
++在混淆集1++
{}
句子： 78
{}
++拼音一致++
{}
句子： 79
++在混淆集1++
{'不尽其数': '不计其数'}
{}
句子： 80
{}
++拼音一致++
++在混淆集1++
++拼音一致++
{'永有': '拥有'}
句子： 81
{}
++在混淆集1++
++在混淆集1++
++拼音一致++
++在混淆集1++
++拼音一致++
{'永敢': '勇敢'}
句子： 82
++在混淆集1++
{'不屈不侥': '不屈不挠'}
++拼音一致++
++拼音一致++
++前后鼻不分++
{'经神': '精神'}
句子： 83
{}
{}
句子： 84
{}
++拼音一致++
++拼音一致++
{}
句子： 85
{}
{}
句子： 86
{}
++拼音一致++
{}
句子： 87
{}
++拼音一致++
{'奇机': '奇迹'}
句子： 88
{}
++拼音一致++
++在混淆集1++
++在混淆集1++
{}
句子： 89
{}
{}
句子： 90
{}
++拼音一致++
{'胜力': '胜利'}
句子： 91
{}
++拼音一致++
{}
句子： 92
{}
++平翘舌不分++
{}
句子： 93
++拼音一致++
{'忘自菲薄': '妄自菲薄'}
++拼音一致++
{}
============
「古之立大事者，不惟有超世之才，亦必有坚韧不拔之志」；许多人在逆境时，因为没有超越自己的心胸，或是妄自菲薄，不能在困难站稳脚步，以至于跌到绝望的谷底，平时要有让自己独立的决心，不能凡事依靠他人或优柔寡断。
「古之立大事者，不惟有超世之才，亦必有坚忍不拔之志」；许多人在逆境时，因为没有超越自己的心胸，或是妄自菲薄，不能在困难站稳脚步，以至于跌到绝望的谷底，平时要有让自己独立的决心，不能凡事依靠他人或优柔寡断。
「古之立大事者，不惟有超世之才，亦必有坚韧不拔之志」；许多人在逆境时，因为没有超越自己的心胸，或是妄自菲薄，不能在困难站稳脚步，以至于跌到绝望的谷底，平时要有让自己独立的决心，不能凡事依靠他人或优柔寡断。
句子： 94
{}
++在混淆集1++
++在混淆集1++
{}
句子： 95
{}
++拼音一致++
++在混淆集1++
++在混淆集1++
++在混淆集1++
{'思毫': '丝毫'}
句子： 96
{}
{}
句子： 97
{}
++拼音一致++
++拼音一致++
++拼音一致++
++拼音一致++
++拼音一致++
++拼音一致++
++拼音一致++
++拼音一致++
++拼音一致++
++拼音一致++
{'秘蜜': '秘密'}
句子： 98
{}
++拼音一致++
{}
句子： 99
{}
++拼音一致++
++拼音一致++
++拼音一致++
{'措折': '挫折'}
句子： 100
{}
{}
句子： 101
{}
{}
句子： 102
{}
++拼音一致++
++拼音一致++
{}
句子： 103
++拼音一致++
{'风功伟业': '丰功伟业'}
++拼音一致++
++在混淆集1++
{'坐位': '座位'}
句子： 104
{}
{}
句子： 105
{}
++在混淆集1++
++拼音一致++
++前后鼻不分++
++拼音一致++
{}
句子： 106
{}
++前后鼻不分++
{}
句子： 107
{}
++拼音一致++
++前后鼻不分++
{'奖壮': '奖状'}
句子： 108
{}
++拼音一致++
{'冲满': '充满'}
句子： 109
{}
++在混淆集1++
++拼音一致++
++拼音一致++
++拼音一致++
++拼音一致++
{}
句子： 110
{}
++拼音一致++
++拼音一致++
++在混淆集1++
++在混淆集1++
++在混淆集1++
++拼音一致++
++拼音一致++
++在混淆集1++
{'单心': '担心'}
句子： 111
{}
++拼音一致++
++拼音一致++
{}
句子： 112
{}
++拼音一致++
++前后鼻不分++
++拼音一致++
++拼音一致++
++在混淆集1++
++拼音一致++
++字形相似++
++在混淆集1++
++在混淆集1++
++在混淆集1++
++在混淆集1++
{}
句子： 113
{}
++拼音一致++
++在混淆集1++
++字形相似++
{}
句子： 114
{}
++拼音一致++
++在混淆集1++
++拼音一致++
++拼音一致++
{'对相': '对象'}
句子： 115
{}
{}
句子： 116
{}
++拼音一致++
{}
句子： 117
{}
{}
句子： 118
{}
++拼音一致++
{}
句子： 119
{}
++拼音一致++
{}
句子： 120
{}
++拼音一致++
++在混淆集1++
++在混淆集1++
++在混淆集1++
{}
句子： 121
++字形相似++
++字形相似++
{}
++字形相似++
++平翘舌不分++
++拼音一致++
++拼音一致++
{}
句子： 122
{}
++在混淆集1++
++拼音一致++
{}
句子： 123
++拼音一致++
{'异想不到': '意想不到'}
{}
句子： 124
{}
++拼音一致++
{'关察': '观察'}
句子： 125
{}
{}
句子： 126
{}
++在混淆集1++
++在混淆集1++
{}
句子： 127
{}
{}
句子： 128
{}
{}
句子： 129
{}
{}
句子： 130
{}
++字形相似++
{}
句子： 131
{}
++拼音一致++
{'烦脑': '烦恼'}
句子： 132
{}
++字形相似++
++拼音一致++
{'难望': '难忘'}
句子： 133
{}
{}
句子： 134
{}
++在混淆集1++
++拼音一致++
{}
句子： 135
{}
++在混淆集1++
{}
句子： 136
{}
++在混淆集1++
{}
句子： 137
{}
{}
句子： 138
{}
++拼音一致++
++字形相似++
{}
句子： 139
{}
{}
句子： 140
{}
{}
句子： 141
{}
{}
句子： 142
{}
++拼音一致++
++拼音一致++
{'逍失': '消失'}
句子： 143
{}
++拼音一致++
++在混淆集1++
{}
句子： 144
{}
++拼音一致++
++拼音一致++
++拼音一致++
{'必竟': '毕竟'}
句子： 145
{}
{}
句子： 146
{}
++在混淆集1++
++在混淆集1++
{}
句子： 147
{}
++在混淆集1++
{}
句子： 148
{}
++拼音一致++
++在混淆集1++
++拼音一致++
{}
句子： 149
{}
++在混淆集1++
{}
句子： 150
{}
++在混淆集1++
++拼音一致++
++拼音一致++
{}
句子： 151
{}
{}
句子： 152
{}
++拼音一致++
++在混淆集1++
{}
句子： 153
{}
++在混淆集1++
++拼音一致++
++拼音一致++
++字形相似++
++拼音一致++
{'草平': '草坪', '躁音': '噪音'}
句子： 154
++在混淆集1++
{}
++拼音一致++
++拼音一致++
++拼音一致++
{}
句子： 155
{}
++拼音一致++
++字形相似++
{}
句子： 156
{}
++字形相似++
++拼音一致++
++在混淆集1++
++在混淆集1++
{}
句子： 157
{}
++字形相似++
++字形相似++
{}
句子： 158
{}
++拼音一致++
++在混淆集1++
{'画去': '画去'}
句子： 159
{}
++在混淆集1++
++拼音一致++
{}
句子： 160
{}
++拼音一致++
++在混淆集1++
{'致作': '制作'}
句子： 161
{}
++拼音一致++
{}
句子： 162
{}
++拼音一致++
{}
句子： 163
{}
{}
句子： 164
{}
++在混淆集1++
{}
句子： 165
{}
++拼音一致++
{'跋腿': '拔腿'}
句子： 166
{}
++字形相似++
++拼音一致++
{'乎视': '忽视'}
句子： 167
{}
++拼音一致++
++拼音一致++
++拼音一致++
{'事终': '事中'}
句子： 168
{}
++在混淆集1++
{}
句子： 169
{}
++在混淆集1++
++拼音一致++
++拼音一致++
++拼音一致++
++在混淆集1++
{}
句子： 170
{}
++字形相似++
{}
句子： 171
{}
++拼音一致++
++拼音一致++
{'意建': '意见'}
句子： 172
{}
{}
句子： 173
{}
++在混淆集1++
{}
句子： 174
{}
++拼音一致++
++在混淆集1++
++在混淆集1++
{'自已': '自己'}
句子： 175
++拼音一致++
{'乌烟胀气': '乌烟瘴气'}
++拼音一致++
++在混淆集1++
++字形相似++
{}
句子： 176
{}
++拼音一致++
{}
句子： 177
{}
++拼音一致++
++字形相似++
++在混淆集1++
{}
句子： 178
++拼音一致++
++拼音一致++
{'再接再励': '再接再厉'}
++拼音一致++
++拼音一致++
++拼音一致++
++拼音一致++
++拼音一致++
++拼音一致++
++拼音一致++
++拼音一致++
++拼音一致++
++拼音一致++
++拼音一致++
++拼音一致++
++拼音一致++
++拼音一致++
++拼音一致++
++拼音一致++
++拼音一致++
++拼音一致++
++拼音一致++
++拼音一致++
++拼音一致++
++拼音一致++
++拼音一致++
++拼音一致++
++拼音一致++
++拼音一致++
++拼音一致++
++拼音一致++
++拼音一致++
++拼音一致++
++拼音一致++
++拼音一致++
{}
句子： 179
{}
++拼音一致++
++在混淆集1++
{}
句子： 180
++拼音一致++
{'喜上梅梢': '喜上眉梢'}
++拼音一致++
{}
句子： 181
{}
++拼音一致++
++在混淆集1++
++拼音一致++
{}
句子： 182
{}
++拼音一致++
++在混淆集1++
{}
句子： 183
{}
{}
句子： 184
++在混淆集1++
++在混淆集1++
++字形相似++
++在混淆集1++
++在混淆集1++
{}
++拼音一致++
{}
句子： 185
{}
++拼音一致++
++拼音一致++
++在混淆集1++
{}
句子： 186
{}
++拼音一致++
{}
句子： 187
{}
++在混淆集1++
++在混淆集1++
++在混淆集1++
++在混淆集1++
{}
句子： 188
{}
++拼音一致++
++前后鼻不分++
++字形相似++
++字形相似++
++字形相似++
{}
句子： 189
{}
++拼音一致++
++在混淆集1++
++在混淆集1++
{}
句子： 190
{}
++拼音一致++
{}
句子： 191
{}
++拼音一致++
++拼音一致++
{}
句子： 192
{}
++拼音一致++
++前后鼻不分++
++拼音一致++
++拼音一致++
{}
句子： 193
{}
{}
句子： 194
{}
{}
句子： 195
{}
++在混淆集1++
++在混淆集1++
++在混淆集1++
++在混淆集1++
++在混淆集1++
++在混淆集1++
++在混淆集1++
++在混淆集1++
++在混淆集1++
++在混淆集1++
++在混淆集1++
++在混淆集1++
++在混淆集1++
++在混淆集1++
++在混淆集1++
++在混淆集1++
++在混淆集1++
++在混淆集1++
++在混淆集1++
++拼音一致++
++拼音一致++
++在混淆集1++
++在混淆集1++
++在混淆集1++
++在混淆集1++
++在混淆集1++
++在混淆集1++
++在混淆集1++
++在混淆集1++
++在混淆集1++
++在混淆集1++
++在混淆集1++
++在混淆集1++
++在混淆集1++
++在混淆集1++
++在混淆集1++
++在混淆集1++
++在混淆集1++
++在混淆集1++
++在混淆集1++
++在混淆集1++
++在混淆集1++
++在混淆集1++
++在混淆集1++
++在混淆集1++
++在混淆集1++
++在混淆集1++
++在混淆集1++
++在混淆集1++
++在混淆集1++
++在混淆集1++
++在混淆集1++
++在混淆集1++
++在混淆集1++
++在混淆集1++
++在混淆集1++
++在混淆集1++
++在混淆集1++
++在混淆集1++
{'标制': '标志'}
句子： 196
++在混淆集1++
{'众所曙目': '众所瞩目'}
++拼音一致++
{}
句子： 197
++平翘舌不分++
{}
++拼音一致++
{'坚难': '艰难'}
句子： 198
{}
{}
句子： 199
{}
++拼音一致++
{'保征': '保证'}
句子： 200
++拼音一致++
{'琳瑯满目': '琳琅满目'}
++在混淆集1++
{}
句子： 201
{}
++拼音一致++
{}
句子： 202
{}
++拼音一致++
{'姿式': '姿势'}
句子： 203
{}
++拼音一致++
++在混淆集1++
{'经长': '经常'}
句子： 204
{}
++拼音一致++
++拼音一致++
++拼音一致++
++在混淆集1++
{}
句子： 205
{}
++拼音一致++
++拼音一致++
++字形相似++
++拼音一致++
{}
句子： 206
++拼音一致++
++拼音一致++
{'再接再励': '再接再厉'}
++拼音一致++
++拼音一致++
++拼音一致++
++拼音一致++
++拼音一致++
++拼音一致++
++拼音一致++
++拼音一致++
++拼音一致++
++拼音一致++
++拼音一致++
++拼音一致++
++拼音一致++
++拼音一致++
++拼音一致++
++拼音一致++
++拼音一致++
++拼音一致++
++拼音一致++
++拼音一致++
++拼音一致++
++拼音一致++
++拼音一致++
++拼音一致++
++拼音一致++
++拼音一致++
++拼音一致++
++拼音一致++
++拼音一致++
++拼音一致++
++拼音一致++
++拼音一致++
{}
句子： 207
{}
++拼音一致++
++在混淆集1++
{}
句子： 208
{}
++拼音一致++
++在混淆集1++
{}
句子： 209
{}
++拼音一致++
++拼音一致++
{}
句子： 210
{}
++拼音一致++
++前后鼻不分++
{}
句子： 211
{}
++拼音一致++
++拼音一致++
{}
句子： 212
{}
++在混淆集1++
{'后侮': '后悔'}
句子： 213
{}
++拼音一致++
{}
句子： 214
{}
++拼音一致++
{}
句子： 215
{}
++拼音一致++
++拼音一致++
++拼音一致++
{}
句子： 216
{}
++拼音一致++
++在混淆集1++
++在混淆集1++
{}
句子： 217
{}
++拼音一致++
++在混淆集1++
{}
句子： 218
{}
{}
句子： 219
{}
{}
句子： 220
{}
++拼音一致++
++在混淆集1++
++在混淆集1++
{}
句子： 221
{}
{}
句子： 222
{}
++在混淆集1++
++平翘舌不分++
++在混淆集1++
{}
句子： 223
{}
++拼音一致++
++拼音一致++
++拼音一致++
++在混淆集1++
{}
句子： 224
{}
{}
句子： 225
++在混淆集1++
++在混淆集1++
{}
++拼音一致++
++拼音一致++
++拼音一致++
++在混淆集1++
{}
句子： 226
{}
++字形相似++
++拼音一致++
++在混淆集1++
++在混淆集1++
{}
句子： 227
{}
++拼音一致++
{}
句子： 228
{}
++拼音一致++
++拼音一致++
{}
句子： 229
{}
{}
句子： 230
{}
++拼音一致++
++在混淆集1++
++在混淆集1++
{}
句子： 231
{}
{}
句子： 232
++在混淆集1++
{}
{}
句子： 233
{}
++拼音一致++
{}
句子： 234
++在混淆集1++
{}
++拼音一致++
++拼音一致++
++拼音一致++
++拼音一致++
++在混淆集1++
{'自已': '自己'}
句子： 235
{}
++在混淆集1++
++在混淆集1++
++在混淆集1++
++在混淆集1++
++在混淆集1++
++在混淆集1++
++在混淆集1++
++在混淆集1++
++在混淆集1++
++在混淆集1++
++在混淆集1++
++在混淆集1++
++在混淆集1++
++在混淆集1++
++在混淆集1++
++在混淆集1++
++在混淆集1++
++在混淆集1++
++在混淆集1++
++拼音一致++
++拼音一致++
++拼音一致++
{'磨菇': '蘑菇'}
句子： 236
++拼音一致++
{'取而带之': '取而代之'}
++在混淆集1++
++在混淆集1++
++在混淆集1++
++在混淆集1++
++在混淆集1++
++在混淆集1++
++在混淆集1++
++在混淆集1++
++在混淆集1++
++在混淆集1++
++在混淆集1++
++在混淆集1++
++在混淆集1++
++在混淆集1++
++在混淆集1++
++在混淆集1++
++在混淆集1++
++在混淆集1++
++在混淆集1++
++在混淆集1++
{}
句子： 237
{}
++拼音一致++
++拼音一致++
++在混淆集1++
++拼音一致++
++拼音一致++
{}
句子： 238
{}
++在混淆集1++
++在混淆集1++
++平翘舌不分++
++拼音一致++
++在混淆集1++
++拼音一致++
++拼音一致++
{}
句子： 239
++拼音一致++
++拼音一致++
{'无动余中': '无动于中', '新血来潮': '心血来潮'}
++在混淆集1++
++拼音一致++
++拼音一致++
{}
句子： 240
++拼音一致++
{'如释重附': '如释重负'}
{}
句子： 241
{}
++拼音一致++
{}
句子： 242
{}
++拼音一致++
++在混淆集1++
{'莫明': '莫名'}
句子： 243
{}
++在混淆集1++
{}
句子： 244
{}
++在混淆集1++
{}
句子： 245
{}
++在混淆集1++
++拼音一致++
++前后鼻不分++
{}
句子： 246
++字形相似++
{}
{}
句子： 247
{}
++在混淆集1++
++拼音一致++
++在混淆集1++
{'方弃': '放弃'}
句子： 248
++拼音一致++
{}
++在混淆集1++
++在混淆集1++
++在混淆集1++
{}
句子： 249
++在混淆集1++
{}
++拼音一致++
++在混淆集1++
++在混淆集1++
{}
句子： 250
{}
++拼音一致++
++在混淆集1++
++在混淆集1++
{}
句子： 251
{}
++在混淆集1++
++在混淆集1++
++拼音一致++
{}
句子： 252
{}
++在混淆集1++
{}
句子： 253
{}
{}
句子： 254
{}
++字形相似++
++拼音一致++
{}
句子： 255
{}
{}
句子： 256
{}
++在混淆集1++
++拼音一致++
++在混淆集1++
{}
句子： 257
{}
++拼音一致++
++拼音一致++
++拼音一致++
++在混淆集1++
++拼音一致++
++拼音一致++
{'握著': '握住', '莫明': '莫名', '撒落': '洒落', '慈详': '慈祥'}
句子： 258
{}
++拼音一致++
{'有于': '由于'}
句子： 259
{}
++拼音一致++
++在混淆集1++
{'闲假': '闲暇'}
句子： 260
{}
++拼音一致++
{}
句子： 261
{}
++拼音一致++
++在混淆集1++
++拼音一致++
{'书服': '舒服'}
句子： 262
{}
++拼音一致++
{'熟吸': '熟悉'}
句子： 263
{}
{}
句子： 264
++拼音一致++
{'息息想关': '息息相关'}
++在混淆集1++
++在混淆集1++
{}
句子： 265
{}
++拼音一致++
++在混淆集1++
{}
句子： 266
{}
++拼音一致++
{}
句子： 267
{}
{}
句子： 268
{}
++拼音一致++
++拼音一致++
{}
句子： 269
{}
{}
句子： 270
{}
++拼音一致++
++在混淆集1++
++在混淆集1++
{}
句子： 271
{}
++前后鼻不分++
++拼音一致++
++拼音一致++
++拼音一致++
++拼音一致++
++拼音一致++
++拼音一致++
++拼音一致++
++拼音一致++
++拼音一致++
++拼音一致++
{'秘蜜': '秘密'}
句子： 272
{}
++在混淆集1++
++平翘舌不分++
{}
句子： 273
{}
++在混淆集1++
++在混淆集1++
{}
句子： 274
{}
++拼音一致++
++拼音一致++
{'成积': '成绩'}
句子： 275
{}
++在混淆集1++
++拼音一致++
++在混淆集1++
{}
句子： 276
{}
++拼音一致++
++拼音一致++
++在混淆集1++
++平翘舌不分++
{'质得': '值得'}
句子： 277
{}
++字形相似++
{}
句子： 278
{}
++前后鼻不分++
{}
句子： 279
{}
++字形相似++
{}
句子： 280
{}
++在混淆集1++
{}
句子： 281
{}
++在混淆集1++
++拼音一致++
{}
句子： 282
{}
++拼音一致++
++在混淆集1++
++在混淆集1++
{'己经': '已经'}
句子： 283
{}
++拼音一致++
{'励害': '厉害'}
句子： 284
++在混淆集1++
{}
++拼音一致++
{}
句子： 285
{}
++在混淆集1++
++在混淆集1++
{}
句子： 286
{}
++拼音一致++
++在混淆集1++
++拼音一致++
{}
句子： 287
{}
++在混淆集1++
{}
句子： 288
{}
++平翘舌不分++
++平翘舌不分++
{}
句子： 289
{}
++拼音一致++
{}
句子： 290
{}
{}
句子： 291
{}
++在混淆集1++
++在混淆集1++
++在混淆集1++
{}
句子： 292
{}
++在混淆集1++
++在混淆集1++
++在混淆集1++
++在混淆集1++
{}
句子： 293
{}
++拼音一致++
++拼音一致++
++拼音一致++
++拼音一致++
++拼音一致++
++拼音一致++
++拼音一致++
++拼音一致++
++拼音一致++
++拼音一致++
++拼音一致++
++拼音一致++
++拼音一致++
++拼音一致++
++拼音一致++
{}
句子： 294
++拼音一致++
++在混淆集1++
{'谆谆教悔': '谆谆教诲', '悲观离合': '悲欢离合'}
++字形相似++
++在混淆集1++
{}
句子： 295
{}
++在混淆集1++
++拼音一致++
{'熟晰': '熟悉'}
句子： 296
++在混淆集1++
{'破烂不碪': '破烂不堪'}
++在混淆集1++
++拼音一致++
++拼音一致++
{}
句子： 297
{}
++在混淆集1++
{}
句子： 298
{}
++拼音一致++
{'必需': '必须'}
句子： 299
{}
++拼音一致++
++在混淆集1++
{}
句子： 300
{}
{}
句子： 301
{}
++拼音一致++
{}
句子： 302
{}
++拼音一致++
++拼音一致++
++拼音一致++
++拼音一致++
++拼音一致++
++拼音一致++
++拼音一致++
++拼音一致++
++拼音一致++
++拼音一致++
++拼音一致++
++拼音一致++
++拼音一致++
++拼音一致++
++拼音一致++
++拼音一致++
++拼音一致++
++拼音一致++
++拼音一致++
{}
句子： 303
{}
++在混淆集1++
{'自已': '自己'}
句子： 304
{}
++在混淆集1++
{'自已': '自己'}
句子： 305
{}
++拼音一致++
++前后鼻不分++
++字形相似++
++字形相似++
++字形相似++
{}
句子： 306
{}
{}
句子： 307
{}
++拼音一致++
++拼音一致++
++拼音一致++
++拼音一致++
++在混淆集1++
++拼音一致++
++拼音一致++
++拼音一致++
++拼音一致++
++拼音一致++
++在混淆集1++
++在混淆集1++
{}
句子： 308
{}
{}
句子： 309
{}
{}
句子： 310
{}
++拼音一致++
{}
句子： 311
{}
{}
句子： 312
{}
++拼音一致++
++拼音一致++
++拼音一致++
{}
句子： 313
{}
++在混淆集1++
++在混淆集1++
{}
句子： 314
++字形相似++
++字形相似++
++字形相似++
++字形相似++
{}
++拼音一致++
++在混淆集1++
{}
句子： 315
++字形相似++
++字形相似++
++字形相似++
++字形相似++
++字形相似++
++在混淆集1++
++字形相似++
++在混淆集1++
++字形相似++
{}
++在混淆集1++
++拼音一致++
{'觉定': '决定'}
句子： 316
{}
++拼音一致++
++在混淆集1++
++在混淆集1++
{}
句子： 317
{}
++拼音一致++
++在混淆集1++
++字形相似++
++字形相似++
++拼音一致++
++在混淆集1++
++在混淆集1++
{}
句子： 318
{}
++拼音一致++
++拼音一致++
++在混淆集1++
{}
句子： 319
{}
{}
句子： 320
{}
++拼音一致++
++在混淆集1++
++在混淆集1++
{}
句子： 321
{}
++拼音一致++
{}
句子： 322
{}
++拼音一致++
++在混淆集1++
++在混淆集1++
{'自已': '自己'}
句子： 323
{}
++拼音一致++
++在混淆集1++
{}
句子： 324
{}
++拼音一致++
{}
句子： 325
{}
{}
句子： 326
{}
{}
句子： 327
{}
++拼音一致++
{}
句子： 328
{}
++拼音一致++
{'熟稀': '熟悉'}
句子： 329
{}
++拼音一致++
++在混淆集1++
{}
句子： 330
{}
++拼音一致++
++拼音一致++
{}
句子： 331
{}
{}
句子： 332
{}
{}
句子： 333
{}
++拼音一致++
++拼音一致++
++在混淆集1++
{}
句子： 334
{}
++拼音一致++
++拼音一致++
++拼音一致++
{'事雾': '事物'}
句子： 335
{}
++在混淆集1++
{}
句子： 336
{}
++字形相似++
{}
句子： 337
{}
++字形相似++
{}
句子： 338
{}
++拼音一致++
++在混淆集1++
{}
句子： 339
{}
++在混淆集1++
++拼音一致++
++拼音一致++
++拼音一致++
++拼音一致++
++拼音一致++
++拼音一致++
++拼音一致++
++拼音一致++
++拼音一致++
++拼音一致++
++在混淆集1++
++拼音一致++
++拼音一致++
++拼音一致++
++拼音一致++
{'幸苦': '辛苦'}
句子： 340
++拼音一致++
++在混淆集1++
{'波涛凶涌': '波涛汹涌'}
++拼音一致++
++字形相似++
++在混淆集1++
++字形相似++
++拼音一致++
{}
句子： 341
{}
++在混淆集1++
{}
句子： 342
{}
++拼音一致++
++拼音一致++
{}
句子： 343
{}
++拼音一致++
++在混淆集1++
++在混淆集1++
{}
句子： 344
{}
++拼音一致++
{'坐位': '座位'}
句子： 345
{}
++字形相似++
++字形相似++
++字形相似++
{}
句子： 346
{}
{}
句子： 347
{}
++拼音一致++
++拼音一致++
{'必竟': '毕竟'}
句子： 348
++拼音一致++
{'意尤未尽': '意犹未尽'}
++拼音一致++
{}
句子： 349
{}
{}
句子： 350
{}
++拼音一致++
++拼音一致++
{}
句子： 351
{}
{}
句子： 352
{}
++拼音一致++
{'熟析': '熟悉'}
句子： 353
{}
++拼音一致++
++拼音一致++
++在混淆集1++
++在混淆集1++
{}
句子： 354
{}
++拼音一致++
++拼音一致++
++在混淆集1++
++在混淆集1++
++在混淆集1++
{}
句子： 355
{}
{}
句子： 356
{}
++拼音一致++
{}
句子： 357
{}
++拼音一致++
++在混淆集1++
++在混淆集1++
++在混淆集1++
++在混淆集1++
++在混淆集1++
++在混淆集1++
++在混淆集1++
++在混淆集1++
++在混淆集1++
++在混淆集1++
++在混淆集1++
++在混淆集1++
++在混淆集1++
++在混淆集1++
++在混淆集1++
++在混淆集1++
++在混淆集1++
++在混淆集1++
++在混淆集1++
{}
句子： 358
{}
{}
句子： 359
{}
{}
句子： 360
{}
++在混淆集1++
++拼音一致++
++拼音一致++
++拼音一致++
++拼音一致++
++拼音一致++
++拼音一致++
++拼音一致++
++拼音一致++
++拼音一致++
++拼音一致++
++拼音一致++
++拼音一致++
++拼音一致++
++拼音一致++
++拼音一致++
++拼音一致++
++拼音一致++
++拼音一致++
++拼音一致++
++拼音一致++
++拼音一致++
++拼音一致++
++拼音一致++
++拼音一致++
++拼音一致++
++拼音一致++
++拼音一致++
++拼音一致++
++拼音一致++
++拼音一致++
++拼音一致++
++拼音一致++
{'每间': '每间', '意议': '意义'}
句子： 361
{}
{}
句子： 362
{}
++拼音一致++
{'幼智': '幼稚'}
句子： 363
{}
++拼音一致++
++拼音一致++
{}
句子： 364
{}
++拼音一致++
++拼音一致++
{}
句子： 365
{}
++在混淆集1++
++字形相似++
++在混淆集1++
++拼音一致++
++在混淆集1++
++在混淆集1++
{}
句子： 366
{}
++拼音一致++
++拼音一致++
{}
句子： 367
{}
++拼音一致++
{}
句子： 368
{}
++拼音一致++
++拼音一致++
++在混淆集1++
{}
句子： 369
{}
++在混淆集1++
{}
句子： 370
{}
++拼音一致++
++前后鼻不分++
++字形相似++
++字形相似++
++字形相似++
{'干静': '干净'}
句子： 371
{}
++在混淆集1++
{}
句子： 372
{}
++拼音一致++
{}
句子： 373
{}
++在混淆集1++
{}
句子： 374
{}
++在混淆集1++
++拼音一致++
{}
句子： 375
{}
++拼音一致++
{'永袁': '永远'}
句子： 376
{}
++拼音一致++
++字形相似++
{}
句子： 377
{}
++拼音一致++
++拼音一致++
{'差曲': '插曲'}
句子： 378
{}
{}
句子： 379
{}
++拼音一致++
{}
句子： 380
{}
++拼音一致++
++拼音一致++
++在混淆集1++
{'教悔': '教诲'}
句子： 381
{}
++拼音一致++
++拼音一致++
++拼音一致++
{}
句子： 382
++拼音一致++
++拼音一致++
{'认劳任怨': '任劳任怨'}
++拼音一致++
++拼音一致++
{}
句子： 383
++在混淆集1++
++在混淆集1++
{}
++拼音一致++
++拼音一致++
{'成仁': '成人'}
句子： 384
++拼音一致++
{'癈尽心思': '费尽心思'}
++拼音一致++
++拼音一致++
{}
句子： 385
{}
++在混淆集1++
++拼音一致++
++拼音一致++
{}
句子： 386
{}
{}
句子： 387
{}
++拼音一致++
{}
句子： 388
{}
++拼音一致++
++拼音一致++
{}
句子： 389
{}
{}
句子： 390
{}
{}
句子： 391
{}
{}
句子： 392
{}
{}
句子： 393
{}
++拼音一致++
{}
句子： 394
{}
++拼音一致++
{}
句子： 395
{}
++拼音一致++
++拼音一致++
++拼音一致++
{'须要': '需要', '珍息': '珍惜'}
句子： 396
{}
++拼音一致++
{'战迹': '战绩'}
句子： 397
{}
++拼音一致++
{}
句子： 398
{}
++拼音一致++
{}
句子： 399
++在混淆集1++
{'裁然不同': '截然不同'}
++拼音一致++
++拼音一致++
{}
句子： 400
{}
++拼音一致++
{'布致': '布置'}
句子： 401
++拼音一致++
{'分道阳镳': '分道扬镳'}
++拼音一致++
{}
句子： 402
{}
++拼音一致++
++前后鼻不分++
{}
句子： 403
{}
++拼音一致++
++字形相似++
++在混淆集1++
++在混淆集1++
{}
句子： 404
{}
++拼音一致++
{'玩皮': '顽皮'}
句子： 405
{}
++拼音一致++
{'对代': '对待'}
句子： 406
{}
++在混淆集1++
++在混淆集1++
++拼音一致++
++在混淆集1++
{}
句子： 407
{}
++拼音一致++
{}
句子： 408
{}
++拼音一致++
++拼音一致++
++拼音一致++
{}
句子： 409
{}
++拼音一致++
{'大部份': '大部分'}
句子： 410
{}
++拼音一致++
++拼音一致++
++拼音一致++
++拼音一致++
++拼音一致++
++拼音一致++
++拼音一致++
++拼音一致++
++拼音一致++
++拼音一致++
++拼音一致++
++拼音一致++
++拼音一致++
++拼音一致++
{'蜜密': '秘密'}
句子： 411
{}
++拼音一致++
++在混淆集1++
++拼音一致++
{'开使': '开始'}
句子： 412
{}
++拼音一致++
{}
句子： 413
{}
++在混淆集1++
++平翘舌不分++
++前后鼻不分++
{}
句子： 414
{}
++拼音一致++
++拼音一致++
{}
句子： 415
{}
{}
句子： 416
{}
++拼音一致++
++拼音一致++
++在混淆集1++
++拼音一致++
++在混淆集1++
{}
句子： 417
{}
{}
句子： 418
{}
++拼音一致++
++在混淆集1++
{}
句子： 419
{}
++在混淆集1++
{'称识': '称职'}
句子： 420
{}
++拼音一致++
{'鼓厉': '鼓励'}
句子： 421
{}
++拼音一致++
++拼音一致++
++平翘舌不分++
{}
句子： 422
{}
{}
句子： 423
{}
++在混淆集1++
++拼音一致++
{}
句子： 424
{}
++拼音一致++
++在混淆集1++
{}
句子： 425
{}
++在混淆集1++
{}
句子： 426
{}
++拼音一致++
++在混淆集1++
{'选则': '选择'}
句子： 427
{}
++拼音一致++
++拼音一致++
++拼音一致++
{}
句子： 428
{}
{}
句子： 429
{}
++拼音一致++
++拼音一致++
++在混淆集1++
++在混淆集1++
++在混淆集1++
{}
句子： 430
{}
++拼音一致++
++拼音一致++
{}
句子： 431
{}
{}
句子： 432
++拼音一致++
{'相辅相承': '相辅相成'}
++平翘舌不分++
{}
句子： 433
{}
++在混淆集1++
{}
句子： 434
++在混淆集1++
{'回然不同': '迥然不同'}
++在混淆集1++
{}
句子： 435
{}
{}
句子： 436
{}
++字形相似++
++拼音一致++
++在混淆集1++
++平翘舌不分++
++在混淆集1++
++在混淆集1++
++在混淆集1++
{'尽界': '境界'}
句子： 437
{}
++拼音一致++
++拼音一致++
++拼音一致++
++拼音一致++
++拼音一致++
++拼音一致++
{'现慕': '羡慕'}
句子： 438
{}
++在混淆集1++
++在混淆集1++
{}
句子： 439
{}
++前后鼻不分++
{}
句子： 440
{}
++拼音一致++
++拼音一致++
++前后鼻不分++
++在混淆集1++
++在混淆集1++
{}
句子： 441
{}
++在混淆集1++
++在混淆集1++
++在混淆集1++
++拼音一致++
{}
句子： 442
{}
{}
句子： 443
{}
++拼音一致++
{}
句子： 444
{}
++在混淆集1++
++拼音一致++
++字形相似++
++在混淆集1++
++在混淆集1++
{}
句子： 445
{}
++拼音一致++
++在混淆集1++
{}
句子： 446
{}
{}
句子： 447
{}
++拼音一致++
{}
句子： 448
++拼音一致++
{'徒劳无工': '徒劳无功'}
++拼音一致++
++平翘舌不分++
{}
句子： 449
{}
++在混淆集1++
++在混淆集1++
++拼音一致++
{}
句子： 450
{}
++拼音一致++
++在混淆集1++
{}
句子： 451
++拼音一致++
{'融会灌通': '融会贯通'}
{}
句子： 452
{}
++拼音一致++
++在混淆集1++
++拼音一致++
{}
句子： 453
{}
++拼音一致++
{'措折': '挫折'}
句子： 454
{}
++拼音一致++
{'跟本': '根本'}
句子： 455
{}
{}
句子： 456
{}
++在混淆集1++
++前后鼻不分++
++拼音一致++
{'不伦': '不论'}
句子： 457
{}
++拼音一致++
{'不伦': '不论'}
句子： 458
{}
++拼音一致++
{}
句子： 459
{}
++在混淆集1++
++拼音一致++
++拼音一致++
++在混淆集1++
++拼音一致++
++在混淆集1++
{}
句子： 460
{}
++在混淆集1++
++拼音一致++
++在混淆集1++
{}
句子： 461
{}
++拼音一致++
{'愈测': '预测'}
句子： 462
++拼音一致++
{'亡羊补劳': '亡羊补牢'}
++拼音一致++
++在混淆集1++
++拼音一致++
++在混淆集1++
{}
句子： 463
{}
++在混淆集1++
{}
句子： 464
{}
++拼音一致++
++拼音一致++
++拼音一致++
++在混淆集1++
++拼音一致++
{}
句子： 465
++拼音一致++
{'轻举忘动': '轻举妄动'}
{}
句子： 466
{}
++拼音一致++
{}
句子： 467
{}
++在混淆集1++
++拼音一致++
{'犹预': '犹豫'}
句子： 468
++拼音一致++
++在混淆集1++
{'自甘坠落': '自甘堕落'}
{}
句子： 469
{}
++拼音一致++
{}
句子： 470
{}
++拼音一致++
++拼音一致++
{}
句子： 471
{}
++在混淆集1++
++拼音一致++
++拼音一致++
++拼音一致++
++拼音一致++
++拼音一致++
++拼音一致++
++在混淆集1++
{}
句子： 472
{}
{}
句子： 473
++拼音一致++
{'悔不当出': '悔不当初'}
{}
句子： 474
{}
++在混淆集1++
++在混淆集1++
++在混淆集1++
{}
句子： 475
{}
++字形相似++
++拼音一致++
++在混淆集1++
++拼音一致++
{}
句子： 476
{}
{}
句子： 477
{}
++在混淆集1++
++在混淆集1++
++在混淆集1++
{}
句子： 478
{}
++在混淆集1++
{}
句子： 479
++拼音一致++
{'无优无虑': '无忧无虑'}
{}
句子： 480
{}
++拼音一致++
++前后鼻不分++
{'陪养': '培养'}
句子： 481
{}
++拼音一致++
++拼音一致++
++拼音一致++
++拼音一致++
++拼音一致++
++拼音一致++
++拼音一致++
++拼音一致++
++拼音一致++
++拼音一致++
++拼音一致++
++拼音一致++
++拼音一致++
++拼音一致++
++拼音一致++
++拼音一致++
++拼音一致++
++拼音一致++
++拼音一致++
{}
句子： 482
{}
++拼音一致++
++拼音一致++
++在混淆集1++
{}
句子： 483
{}
++在混淆集1++
++在混淆集1++
++在混淆集1++
++在混淆集1++
{'监岳': '监狱'}
句子： 484
{}
{}
句子： 485
{}
++拼音一致++
++在混淆集1++
{}
句子： 486
{}
++拼音一致++
++在混淆集1++
{}
句子： 487
{}
++拼音一致++
++在混淆集1++
{}
句子： 488
{}
++在混淆集1++
++拼音一致++
++字形相似++
{}
句子： 489
{}
++拼音一致++
{}
句子： 490
{}
++拼音一致++
{'牺生': '牺牲'}
句子： 491
{}
++在混淆集1++
++拼音一致++
++拼音一致++
{'必竟': '毕竟'}
句子： 492
{}
++拼音一致++
++在混淆集1++
++在混淆集1++
++在混淆集1++
++在混淆集1++
{'异处': '益处'}
句子： 493
{}
++在混淆集1++
++在混淆集1++
++在混淆集1++
++在混淆集1++
++在混淆集1++
++在混淆集1++
++在混淆集1++
++在混淆集1++
++在混淆集1++
++在混淆集1++
++拼音一致++
++在混淆集1++
++拼音一致++
++拼音一致++
{}
句子： 494
{}
++拼音一致++
{'由其是': '尤其是'}
句子： 495
{}
++在混淆集1++
{}
句子： 496
{}
++在混淆集1++
{}
句子： 497
{}
++在混淆集1++
++拼音一致++
++平翘舌不分++
{}
句子： 498
{}
++拼音一致++
++拼音一致++
++拼音一致++
++拼音一致++
++在混淆集1++
++拼音一致++
++拼音一致++
++拼音一致++
{}
句子： 499
{}
++拼音一致++
++平翘舌不分++
{}
句子： 500
{}
++在混淆集1++
++在混淆集1++
++字形相似++
++字形相似++
{}
句子： 501
{}
{}
句子： 502
{}
++在混淆集1++
{}
句子： 503
{}
++拼音一致++
++平翘舌不分++
{}
句子： 504
{}
++在混淆集1++
++在混淆集1++
{'喜观': '喜欢'}
句子： 505
{}
++在混淆集1++
{'尊从': '尊重'}
句子： 506
{}
{}
句子： 507
{}
++在混淆集1++
{'撑握': '掌握'}
句子： 508
{}
++拼音一致++
++拼音一致++
{'成迹': '成绩'}
句子： 509
{}
++拼音一致++
++拼音一致++
++在混淆集1++
++拼音一致++
++拼音一致++
{'去逝': '去世'}
句子： 510
{}
++拼音一致++
++在混淆集1++
{'抓助': '抓住'}
句子： 511
{}
++在混淆集1++
{}
句子： 512
{}
{}
句子： 513
{}
++在混淆集1++
++平翘舌不分++
{}
句子： 514
{}
++在混淆集1++
{}
句子： 515
{}
++在混淆集1++
++在混淆集1++
{}
句子： 516
{}
++字形相似++
{}
句子： 517
{}
++拼音一致++
{'恐布': '恐怖'}
句子： 518
{}
{}
句子： 519
{}
++拼音一致++
{'冲满': '充满'}
句子： 520
{}
++拼音一致++
{'冲实': '充实'}
句子： 521
{}
{}
句子： 522
{}
{}
句子： 523
{}
++在混淆集1++
{}
句子： 524
{}
++拼音一致++
++在混淆集1++
{}
句子： 525
++字形相似++
++在混淆集1++
{}
++拼音一致++
++拼音一致++
++拼音一致++
{}
句子： 526
{}
++在混淆集1++
++在混淆集1++
++在混淆集1++
++前后鼻不分++
++在混淆集1++
++拼音一致++
{}
句子： 527
{}
++拼音一致++
++在混淆集1++
++在混淆集1++
{}
句子： 528
{}
++拼音一致++
{'觉定': '决定'}
句子： 529
++拼音一致++
{'见仁见志': '见仁见智'}
{}
句子： 530
{}
++拼音一致++
{'成迹': '成绩'}
句子： 531
{}
++拼音一致++
{'容誉': '荣誉'}
句子： 532
{}
{}
句子： 533
{}
{}
句子： 534
{}
{}
句子： 535
{}
++在混淆集1++
{}
句子： 536
++拼音一致++
++拼音一致++
{}
{}
句子： 537
{}
++在混淆集1++
{}
句子： 538
{}
++拼音一致++
{'羡幕': '羡慕'}
句子： 539
{}
++在混淆集1++
{'基碍': '基础'}
句子： 540
{}
++在混淆集1++
{}
句子： 541
{}
++在混淆集1++
++在混淆集1++
++在混淆集1++
++在混淆集1++
++在混淆集1++
++在混淆集1++
++在混淆集1++
++在混淆集1++
++在混淆集1++
++在混淆集1++
++在混淆集1++
++在混淆集1++
++在混淆集1++
++在混淆集1++
{}
句子： 542
{}
++拼音一致++
++在混淆集1++
{}
句子： 543
{}
++在混淆集1++
++拼音一致++
++在混淆集1++
{}
句子： 544
{}
++拼音一致++
{}
句子： 545
{}
++拼音一致++
{}
句子： 546
{}
++在混淆集1++
{}
句子： 547
{}
++拼音一致++
++拼音一致++
{}
句子： 548
{}
++拼音一致++
++拼音一致++
++前后鼻不分++
++拼音一致++
{}
句子： 549
{}
++拼音一致++
++在混淆集1++
++在混淆集1++
{}
句子： 550
++拼音一致++
{'慌然大悟': '恍然大悟'}
{}
句子： 551
++拼音一致++
{'明辨事非': '明辨是非'}
++拼音一致++
++拼音一致++
++在混淆集1++
{}
句子： 552
{}
{}
句子： 553
{}
++拼音一致++
++拼音一致++
++拼音一致++
++在混淆集1++
++拼音一致++
++在混淆集1++
{'决择': '抉择'}
句子： 554
{}
++拼音一致++
++拼音一致++
++拼音一致++
++在混淆集1++
{}
句子： 555
{}
++拼音一致++
{}
句子： 556
{}
{}
句子： 557
{}
{}
句子： 558
{}
++在混淆集1++
{'例位': '例外'}
句子： 559
++拼音一致++
{'误入其途': '误入歧途'}
{}
句子： 560
{}
++字形相似++
++字形相似++
{}
句子： 561
{}
++拼音一致++
{'由其是': '尤其是'}
句子： 562
++拼音一致++
{'令眼相看': '另眼相看'}
{}
句子： 563
{}
++拼音一致++
{}
句子： 564
{}
++拼音一致++
++拼音一致++
++在混淆集1++
{}
句子： 565
{}
++拼音一致++
++在混淆集1++
++拼音一致++
++在混淆集1++
{'如合': '如何'}
句子： 566
{}
++拼音一致++
++拼音一致++
++拼音一致++
{}
句子： 567
{}
{}
句子： 568
{}
++拼音一致++
++前后鼻不分++
{'琬回': '挽回'}
句子： 569
{}
++在混淆集1++
{}
句子： 570
{}
++拼音一致++
++拼音一致++
{}
句子： 571
{}
++拼音一致++
{}
句子： 572
{}
++拼音一致++
{}
句子： 573
++拼音一致++
{'聪明才志': '聪明才智'}
{}
句子： 574
{}
{}
句子： 575
{}
++拼音一致++
++平翘舌不分++
++拼音一致++
{}
句子： 576
{}
++拼音一致++
++在混淆集1++
{}
句子： 577
{}
{}
句子： 578
{}
++拼音一致++
{}
句子： 579
{}
++在混淆集1++
++拼音一致++
{}
句子： 580
{}
++拼音一致++
{}
句子： 581
{}
++拼音一致++
++拼音一致++
++在混淆集1++
++拼音一致++
{'勇赶': '勇敢'}
句子： 582
{}
{}
句子： 583
{}
++拼音一致++
++拼音一致++
++拼音一致++
++拼音一致++
++平翘舌不分++
++拼音一致++
{'姿味': '滋味'}
句子： 584
{}
++拼音一致++
++在混淆集1++
{}
句子： 585
++拼音一致++
{'后悔寞及': '后悔莫及'}
++拼音一致++
++拼音一致++
++在混淆集1++
{'以经': '已经'}
句子： 586
{}
++拼音一致++
++拼音一致++
++拼音一致++
++拼音一致++
++在混淆集1++
{'橱师': '厨师'}
句子： 587
++在混淆集1++
{}
++拼音一致++
{'指要': '只要'}
句子： 588
{}
++在混淆集1++
++在混淆集1++
{}
句子： 589
{}
++拼音一致++
++在混淆集1++
{}
句子： 590
{}
++拼音一致++
{}
句子： 591
{}
++拼音一致++
++在混淆集1++
{}
句子： 592
{}
++拼音一致++
++在混淆集1++
{}
句子： 593
{}
++在混淆集1++
++拼音一致++
++拼音一致++
++在混淆集1++
++在混淆集1++
{}
句子： 594
{}
++拼音一致++
++在混淆集1++
++在混淆集1++
++拼音一致++
++在混淆集1++
{'一但': '一旦', '决对': '绝对'}
句子： 595
{}
{}
句子： 596
{}
++拼音一致++
{}
句子： 597
{}
++在混淆集1++
++在混淆集1++
{}
句子： 598
{}
++在混淆集1++
++在混淆集1++
{}
句子： 599
{}
++拼音一致++
++在混淆集1++
{}
句子： 600
++拼音一致++
{'无影无纵': '无影无踪'}
++拼音一致++
++在混淆集1++
++拼音一致++
{}
句子： 601
++拼音一致++
{'愤发向上': '奋发向上'}
++拼音一致++
++在混淆集1++
++在混淆集1++
{}
句子： 602
{}
++拼音一致++
++在混淆集1++
{'劳记': '牢记'}
句子： 603
++拼音一致++
++拼音一致++
{'金壁辉煌': '金碧辉煌'}
{}
句子： 604
{}
++在混淆集1++
++在混淆集1++
++在混淆集1++
{}
句子： 605
{}
++在混淆集1++
++平翘舌不分++
++在混淆集1++
{}
句子： 606
++在混淆集1++
{'恫然不同': '迥然不同'}
++拼音一致++
++在混淆集1++
++字形相似++
{}
句子： 607
{}
++在混淆集1++
++拼音一致++
++在混淆集1++
{'前近': '前进'}
句子： 608
{}
++在混淆集1++
++拼音一致++
{}
句子： 609
++拼音一致++
{'临阵磨鎗': '临阵磨枪'}
{}
句子： 610
++拼音一致++
{'如愿以尝': '如愿以偿'}
{}
句子： 611
++拼音一致++
{'永往直前': '勇往直前'}
{}
句子： 612
++拼音一致++
{'永往直前': '勇往直前'}
++在混淆集1++
{}
句子： 613
++在混淆集1++
{}
{}
句子： 614
{}
++拼音一致++
++在混淆集1++
++在混淆集1++
++在混淆集1++
++在混淆集1++
++在混淆集1++
++在混淆集1++
++在混淆集1++
++在混淆集1++
++在混淆集1++
++在混淆集1++
++在混淆集1++
++在混淆集1++
++在混淆集1++
{'迈近': '迈进'}
句子： 615
{}
++拼音一致++
++在混淆集1++
{}
句子： 616
++拼音一致++
{'半途而费': '半途而废'}
++字形相似++
++拼音一致++
{}
句子： 617
{}
++在混淆集1++
++在混淆集1++
{'幸苦': '辛苦'}
句子： 618
{}
++拼音一致++
++在混淆集1++
{}
句子： 619
{}
++拼音一致++
++在混淆集1++
{'任合': '任何'}
句子： 620
{}
++拼音一致++
++在混淆集1++
{}
句子： 621
{}
++拼音一致++
++在混淆集1++
{}
句子： 622
{}
++在混淆集1++
{}
句子： 623
{}
++拼音一致++
++字形相似++
++拼音一致++
++字形相似++
++拼音一致++
{}
句子： 624
{}
{}
句子： 625
{}
++拼音一致++
++拼音一致++
++拼音一致++
++拼音一致++
++拼音一致++
{'经厉': '经历'}
句子： 626
++在混淆集1++
{}
++拼音一致++
{}
句子： 627
{}
++拼音一致++
{}
句子： 628
{}
++拼音一致++
++拼音一致++
++在混淆集1++
++在混淆集1++
++前后鼻不分++
++在混淆集1++
++拼音一致++
++在混淆集1++
{}
句子： 629
{}
++在混淆集1++
{'自已': '自己'}
句子： 630
{}
++在混淆集1++
{}
句子： 631
{}
++在混淆集1++
++在混淆集1++
++在混淆集1++
++在混淆集1++
++在混淆集1++
++在混淆集1++
{'自已': '自己'}
句子： 632
++在混淆集1++
{'勇住直前': '勇往直前'}
++拼音一致++
++拼音一致++
{}
句子： 633
{}
{}
句子： 634
{}
++在混淆集1++
++拼音一致++
++拼音一致++
++在混淆集1++
++拼音一致++
++在混淆集1++
++在混淆集1++
++在混淆集1++
++在混淆集1++
++在混淆集1++
++在混淆集1++
++在混淆集1++
++在混淆集1++
++在混淆集1++
++在混淆集1++
++在混淆集1++
++在混淆集1++
++在混淆集1++
{'迈近': '迈进'}
句子： 635
{}
++拼音一致++
{}
句子： 636
{}
++在混淆集1++
++拼音一致++
++拼音一致++
++在混淆集1++
++在混淆集1++
++平翘舌不分++
{}
句子： 637
{}
++拼音一致++
{}
句子： 638
{}
++拼音一致++
++在混淆集1++
++拼音一致++
{'楚理': '处理', '留落': '流落'}
句子： 639
++在混淆集1++
{}
++拼音一致++
++拼音一致++
++平翘舌不分++
{'急时': '及时'}
句子： 640
{}
++在混淆集1++
++拼音一致++
++在混淆集1++
{}
句子： 641
{}
++拼音一致++
++在混淆集1++
{'自已': '自己'}
句子： 642
{}
++在混淆集1++
++拼音一致++
{}
句子： 643
{}
++在混淆集1++
{'自已': '自己'}
句子： 644
{}
++拼音一致++
++在混淆集1++
{}
句子： 645
{}
{}
句子： 646
{}
++拼音一致++
{}
句子： 647
{}
++拼音一致++
++在混淆集1++
++在混淆集1++
{}
句子： 648
{}
++拼音一致++
++拼音一致++
++拼音一致++
++在混淆集1++
{}
句子： 649
{}
++拼音一致++
++拼音一致++
++拼音一致++
++在混淆集1++
{}
句子： 650
{}
++拼音一致++
++在混淆集1++
{}
句子： 651
{}
++拼音一致++
++在混淆集1++
++在混淆集1++
++在混淆集1++
{}
句子： 652
{}
++拼音一致++
++在混淆集1++
++在混淆集1++
{'己经': '已经'}
句子： 653
++拼音一致++
{'误入崎途': '误入歧途'}
{}
句子： 654
{}
++拼音一致++
{}
句子： 655
{}
++拼音一致++
++在混淆集1++
++在混淆集1++
++在混淆集1++
++在混淆集1++
++在混淆集1++
++在混淆集1++
++在混淆集1++
++在混淆集1++
++在混淆集1++
++在混淆集1++
++在混淆集1++
++在混淆集1++
++在混淆集1++
{}
句子： 656
{}
++拼音一致++
++平翘舌不分++
{}
句子： 657
{}
{}
句子： 658
++拼音一致++
{'半途而费': '半途而废'}
{}
句子： 659
{}
{}
句子： 660
{}
++拼音一致++
++拼音一致++
++在混淆集1++
{}
句子： 661
{}
{}
句子： 662
{}
++在混淆集1++
++拼音一致++
++在混淆集1++
++拼音一致++
++拼音一致++
++在混淆集1++
{}
句子： 663
++拼音一致++
{'半途而癈': '半途而废'}
++在混淆集1++
{}
句子： 664
{}
++拼音一致++
++拼音一致++
++在混淆集1++
++在混淆集1++
{'是情': '事情'}
句子： 665
{}
++拼音一致++
++拼音一致++
++拼音一致++
++拼音一致++
++拼音一致++
++在混淆集1++
++拼音一致++
{}
句子： 666
{}
{}
句子： 667
{}
++在混淆集1++
++平翘舌不分++
++拼音一致++
++在混淆集1++
{}
句子： 668
++拼音一致++
{'误入其途': '误入歧途'}
++拼音一致++
{}
句子： 669
++拼音一致++
{'轻而一举': '轻而易举'}
++拼音一致++
++拼音一致++
++拼音一致++
{}
句子： 670
{}
++拼音一致++
++在混淆集1++
++字形相似++
{'认何': '任何'}
句子： 671
{}
++拼音一致++
{'导至': '导致'}
句子： 672
{}
++拼音一致++
++在混淆集1++
++拼音一致++
++拼音一致++
{'安尉': '安慰'}
句子： 673
{}
++拼音一致++
++在混淆集1++
++拼音一致++
++拼音一致++
{'忍何': '任何', '义思': '意思'}
句子： 674
++拼音一致++
{'名列前矛': '名列前茅'}
++拼音一致++
{}
句子： 675
{}
++在混淆集1++
{}
句子： 676
{}
++在混淆集1++
{'自已': '自己'}
句子： 677
++拼音一致++
{'误入岐途': '误入歧途'}
{}
句子： 678
{}
{}
句子： 679
{}
++字形相似++
{}
句子： 680
{}
++拼音一致++
++在混淆集1++
++拼音一致++
++在混淆集1++
{}
句子： 681
{}
++在混淆集1++
++在混淆集1++
++拼音一致++
++拼音一致++
++在混淆集1++
++拼音一致++
++拼音一致++
{}
句子： 682
{}
++在混淆集1++
{}
句子： 683
{}
++在混淆集1++
{'撰择': '选择'}
句子： 684
{}
++拼音一致++
{'唾气': '唾弃'}
句子： 685
{}
++拼音一致++
{}
句子： 686
{}
++拼音一致++
{'励害': '厉害'}
句子： 687
{}
++拼音一致++
{}
句子： 688
{}
++拼音一致++
{'原故': '缘故'}
句子： 689
{}
++拼音一致++
++在混淆集1++
{'决对': '绝对'}
句子： 690
{}
++在混淆集1++
++拼音一致++
++拼音一致++
++前后鼻不分++
++在混淆集1++
++在混淆集1++
{}
句子： 691
{}
++在混淆集1++
++在混淆集1++
++在混淆集1++
{'可正': '可是'}
句子： 692
{}
++拼音一致++
++在混淆集1++
++拼音一致++
++在混淆集1++
++在混淆集1++
{}
句子： 693
{}
++拼音一致++
++拼音一致++
++在混淆集1++
++拼音一致++
++在混淆集1++
{}
句子： 694
{}
++拼音一致++
++在混淆集1++
++拼音一致++
++拼音一致++
++拼音一致++
{'必竟': '毕竟'}
句子： 695
{}
++拼音一致++
{'后诲': '后悔'}
句子： 696
{}
++拼音一致++
{}
句子： 697
++拼音一致++
++在混淆集1++
++在混淆集1++
{'持之以衡': '持之以恒'}
++平翘舌不分++
{}
句子： 698
{}
++拼音一致++
{'随变': '随便'}
句子： 699
{}
++拼音一致++
++字形相似++
++拼音一致++
++拼音一致++
++拼音一致++
++拼音一致++
++拼音一致++
++在混淆集1++
{'随变': '随便'}
句子： 700
{}
++在混淆集1++
{}
句子： 701
{}
++拼音一致++
++在混淆集1++
++拼音一致++
{'之候': '之后'}
句子： 702
++在混淆集1++
++在混淆集1++
{}
++拼音一致++
++拼音一致++
{}
句子： 703
{}
++拼音一致++
++在混淆集1++
++拼音一致++
{}
句子： 704
{}
{}
句子： 705
{}
++拼音一致++
++拼音一致++
++在混淆集1++
{}
句子： 706
{}
++拼音一致++
++在混淆集1++
{}
句子： 707
{}
++拼音一致++
{}
句子： 708
++拼音一致++
{'飘浮不定': '漂浮不定'}
++拼音一致++
++拼音一致++
++拼音一致++
++拼音一致++
++拼音一致++
++拼音一致++
++拼音一致++
++拼音一致++
++拼音一致++
++拼音一致++
++拼音一致++
++拼音一致++
++拼音一致++
++拼音一致++
++拼音一致++
++拼音一致++
++拼音一致++
++拼音一致++
++拼音一致++
++拼音一致++
++拼音一致++
++拼音一致++
++拼音一致++
++拼音一致++
++拼音一致++
++拼音一致++
++拼音一致++
++拼音一致++
++拼音一致++
++拼音一致++
++拼音一致++
++拼音一致++
{}
句子： 709
{}
{}
句子： 710
{}
++拼音一致++
++在混淆集1++
++拼音一致++
{}
句子： 711
{}
++拼音一致++
++拼音一致++
{}
句子： 712
{}
{}
句子： 713
{}
++拼音一致++
++拼音一致++
{}
句子： 714
++拼音一致++
{'出人投地': '出人头地'}
{}
句子： 715
++拼音一致++
{'误入岐途': '误入歧途'}
{}
句子： 716
{}
++拼音一致++
{}
句子： 717
{}
++拼音一致++
++在混淆集1++
{}
句子： 718
{}
++拼音一致++
++拼音一致++
++在混淆集1++
++在混淆集1++
++拼音一致++
{'己经': '已经'}
句子： 719
{}
++在混淆集1++
++拼音一致++
{'偶象': '偶像'}
句子： 720
{}
{}
句子： 721
{}
{}
句子： 722
{}
++拼音一致++
{}
句子： 723
{}
++拼音一致++
++拼音一致++
{'必需': '必须', '监强': '坚强'}
句子： 724
{}
{}
句子： 725
{}
++拼音一致++
++拼音一致++
++在混淆集1++
{'行成': '形成'}
句子： 726
++字形相似++
++字形相似++
{}
++在混淆集1++
{}
句子： 727
++拼音一致++
{'误入歧徒': '误入歧途'}
++拼音一致++
++在混淆集1++
++拼音一致++
++拼音一致++
++拼音一致++
++在混淆集1++
++在混淆集1++
++拼音一致++
++在混淆集1++
++拼音一致++
{'励害': '厉害'}
句子： 728
{}
++在混淆集1++
++拼音一致++
{'探锁': '探索'}
句子： 729
{}
++拼音一致++
{}
句子： 730
{}
++拼音一致++
{'觉定': '决定'}
句子： 731
++在混淆集1++
{'自己已后': '自今已后'}
++拼音一致++
++在混淆集1++
++在混淆集1++
++拼音一致++
++拼音一致++
{}
句子： 732
++拼音一致++
{'半途而费': '半途而废'}
++拼音一致++
{}
句子： 733
{}
{}
句子： 734
{}
++在混淆集1++
++在混淆集1++
++在混淆集1++
++在混淆集1++
++在混淆集1++
++在混淆集1++
++在混淆集1++
++在混淆集1++
++在混淆集1++
++拼音一致++
{'璀灿': '璀璨'}
句子： 735
{}
++拼音一致++
{'觉定': '决定'}
句子： 736
{}
++拼音一致++
++在混淆集1++
{}
句子： 737
{}
++拼音一致++
++在混淆集1++
++拼音一致++
++在混淆集1++
++拼音一致++
++拼音一致++
++前后鼻不分++
{'彩红': '彩虹'}
句子： 738
{}
++在混淆集1++
++拼音一致++
{}
句子： 739
{}
{}
句子： 740
{}
++拼音一致++
++在混淆集1++
{}
句子： 741
{}
++拼音一致++
{'拌脚石': '绊脚石'}
句子： 742
{}
++在混淆集1++
++拼音一致++
++在混淆集1++
++在混淆集1++
++在混淆集1++
{}
句子： 743
{}
++拼音一致++
++拼音一致++
{'锻练': '锻炼', '适何': '适合'}
句子： 744
{}
{}
句子： 745
++拼音一致++
{'所做所为': '所作所为'}
++拼音一致++
++拼音一致++
++拼音一致++
++在混淆集1++
{}
句子： 746
{}
{}
句子： 747
++拼音一致++
++拼音一致++
++拼音一致++
{'披茎斩棘': '披荆斩棘', '将心彼心': '将心比心'}
++拼音一致++
++字形相似++
{}
句子： 748
{}
++拼音一致++
++在混淆集1++
{'试合': '适合'}
句子： 749
{}
++在混淆集1++
{}
句子： 750
{}
++拼音一致++
{'其时': '其实'}
句子： 751
{}
++在混淆集1++
++在混淆集1++
++在混淆集1++
{}
句子： 752
++拼音一致++
{'半途而费': '半途而废'}
++在混淆集1++
{}
句子： 753
++拼音一致++
{'永往直前': '勇往直前'}
{}
句子： 754
{}
{}
句子： 755
{}
{}
句子： 756
{}
++拼音一致++
++在混淆集1++
{}
句子： 757
{}
++在混淆集1++
++拼音一致++
++拼音一致++
{}
句子： 758
{}
++在混淆集1++
++拼音一致++
++拼音一致++
{'常处': '长处'}
句子： 759
++在混淆集1++
{}
++在混淆集1++
++在混淆集1++
++在混淆集1++
{'后侮': '后悔'}
句子： 760
{}
++在混淆集1++
++拼音一致++
++在混淆集1++
++拼音一致++
++在混淆集1++
{}
句子： 761
{}
++在混淆集1++
++在混淆集1++
++拼音一致++
++在混淆集1++
++拼音一致++
++拼音一致++
++拼音一致++
++在混淆集1++
{'看现': '看见'}
句子： 762
{}
++拼音一致++
++在混淆集1++
{}
句子： 763
{}
++在混淆集1++
{'自已': '自己'}
句子： 764
{}
++在混淆集1++
++拼音一致++
++拼音一致++
++在混淆集1++
{}
句子： 765
{}
++在混淆集1++
{}
句子： 766
++拼音一致++
{'犹遇不决': '犹豫不决'}
{}
句子： 767
{}
++在混淆集1++
{}
句子： 768
{}
{}
句子： 769
{}
++拼音一致++
{'擦尖': '擦肩'}
句子： 770
{}
++在混淆集1++
++在混淆集1++
++拼音一致++
++拼音一致++
++在混淆集1++
++拼音一致++
++在混淆集1++
{}
句子： 771
{}
++在混淆集1++
++拼音一致++
++在混淆集1++
++拼音一致++
++拼音一致++
{}
句子： 772
{}
++拼音一致++
++拼音一致++
{'征取': '争取'}
句子： 773
{}
++拼音一致++
++拼音一致++
++在混淆集1++
{}
句子： 774
{}
++在混淆集1++
++拼音一致++
++在混淆集1++
++拼音一致++
{}
句子： 775
++拼音一致++
{'误入崎途': '误入歧途'}
++在混淆集1++
++在混淆集1++
{}
句子： 776
{}
++拼音一致++
++拼音一致++
++前后鼻不分++
++拼音一致++
++拼音一致++
{'影想': '影响'}
句子： 777
++在混淆集1++
{'孤落寡闻': '孤陋寡闻'}
{}
句子： 778
{}
++拼音一致++
++拼音一致++
++在混淆集1++
{}
句子： 779
{}
++拼音一致++
{'供献': '贡献'}
句子： 780
++在混淆集1++
++在混淆集1++
{'玩秽愒日': '玩岁愒日'}
++拼音一致++
++在混淆集1++
++拼音一致++
{}
句子： 781
{}
++拼音一致++
++在混淆集1++
{'立至': '立志'}
句子： 782
{}
++拼音一致++
++在混淆集1++
++拼音一致++
{'指要': '只要'}
句子： 783
{}
++拼音一致++
{}
句子： 784
{}
++拼音一致++
{'坚难': '艰难'}
句子： 785
{}
++在混淆集1++
{}
句子： 786
{}
++拼音一致++
++在混淆集1++
{}
句子： 787
{}
++拼音一致++
++在混淆集1++
{'前近': '前进'}
句子： 788
++拼音一致++
{'毫啕大哭': '嚎啕大哭'}
++拼音一致++
++拼音一致++
++字形相似++
{}
句子： 789
{}
{}
句子： 790
{}
++在混淆集1++
{}
句子： 791
{}
++拼音一致++
{'年青': '年轻'}
句子： 792
{}
{}
句子： 793
{}
++拼音一致++
++平翘舌不分++
++在混淆集1++
++在混淆集1++
{}
句子： 794
{}
++拼音一致++
{'不至余': '不至于'}
句子： 795
{}
++在混淆集1++
{}
句子： 796
{}
++在混淆集1++
++拼音一致++
{'否择': '否则'}
句子： 797
{}
++拼音一致++
{}
句子： 798
{}
++在混淆集1++
++在混淆集1++
++在混淆集1++
{}
句子： 799
{}
++拼音一致++
++拼音一致++
{}
句子： 800
{}
{}
句子： 801
{}
++拼音一致++
++拼音一致++
{}
句子： 802
{}
++在混淆集1++
++拼音一致++
++在混淆集1++
{}
句子： 803
++拼音一致++
{'波涛凶涌': '波涛汹涌'}
{}
句子： 804
{}
++在混淆集1++
{}
句子： 805
{}
{}
句子： 806
{}
++拼音一致++
{}
句子： 807
{}
++在混淆集1++
{'拙折': '挫折'}
句子： 808
{}
++在混淆集1++
++拼音一致++
++字形相似++
{}
句子： 809
{}
++在混淆集1++
{'撰择': '选择'}
句子： 810
{}
++在混淆集1++
{}
句子： 811
{}
++在混淆集1++
++拼音一致++
++在混淆集1++
++在混淆集1++
++在混淆集1++
{}
句子： 812
++拼音一致++
{'自干堕落': '自甘堕落'}
++在混淆集1++
++在混淆集1++
{}
句子： 813
{}
{}
句子： 814
{}
++拼音一致++
++拼音一致++
{'成积': '成绩'}
句子： 815
{}
++拼音一致++
++在混淆集1++
{'正雀': '正确'}
句子： 816
{}
++拼音一致++
++拼音一致++
++在混淆集1++
++在混淆集1++
++在混淆集1++
{}
句子： 817
{}
++在混淆集1++
{'成迷': '沉迷'}
句子： 818
{}
++拼音一致++
++拼音一致++
++拼音一致++
++在混淆集1++
++在混淆集1++
{'响往': '向往'}
句子： 819
{}
++拼音一致++
{}
句子： 820
{}
++拼音一致++
++在混淆集1++
{}
句子： 821
{}
++拼音一致++
++在混淆集1++
{}
句子： 822
{}
++拼音一致++
++在混淆集1++
{'炫丽': '绚丽'}
句子： 823
{}
++拼音一致++
{}
句子： 824
{}
++拼音一致++
{'怒力': '努力'}
句子： 825
{}
++拼音一致++
{'怒力': '努力'}
句子： 826
{}
++在混淆集1++
++拼音一致++
{}
句子： 827
{}
++拼音一致++
++在混淆集1++
++拼音一致++
{}
句子： 828
++在混淆集1++
{'学以自用': '学以致用'}
{}
句子： 829
{}
++在混淆集1++
++在混淆集1++
++拼音一致++
{'白废': '白费'}
句子： 830
++在混淆集1++
{'深思憝虑': '深思熟虑'}
++拼音一致++
++拼音一致++
++拼音一致++
{}
句子： 831
{}
++拼音一致++
{}
句子： 832
{}
++在混淆集1++
++字形相似++
++字形相似++
++在混淆集1++
++字形相似++
++拼音一致++
{'天负': '天赋'}
句子： 833
{}
++拼音一致++
++在混淆集1++
++在混淆集1++
++前后鼻不分++
{}
句子： 834
++拼音一致++
{'犹预不决': '犹豫不决'}
++拼音一致++
++拼音一致++
++在混淆集1++
++在混淆集1++
{}
句子： 835
++拼音一致++
{'一踏糊涂': '一塌糊涂'}
++拼音一致++
++拼音一致++
++拼音一致++
++在混淆集1++
{'高跳': '高挑', '心慰': '欣慰'}
句子： 836
{}
++拼音一致++
{'妻骗': '欺骗'}
句子： 837
++字形相似++
{}
++在混淆集1++
++在混淆集1++
++拼音一致++
++拼音一致++
++拼音一致++
{}
句子： 838
{}
++拼音一致++
++在混淆集1++
++拼音一致++
{'贡现': '贡献', '可望': '渴望'}
句子： 839
{}
++拼音一致++
++拼音一致++
{'成实': '诚实'}
句子： 840
++拼音一致++
{'误入其途': '误入歧途'}
{}
句子： 841
{}
++在混淆集1++
{}
句子： 842
++拼音一致++
{'误入其途': '误入歧途'}
++在混淆集1++
{}
句子： 843
{}
++拼音一致++
++拼音一致++
++在混淆集1++
{'知到': '知道'}
句子： 844
{}
++拼音一致++
{'觉定': '决定'}
句子： 845
{}
++拼音一致++
++拼音一致++
{}
句子： 846
++拼音一致++
{'出呼意料': '出乎意料'}
{}
句子： 847
{}
++拼音一致++
{}
句子： 848
{}
++拼音一致++
++拼音一致++
++拼音一致++
++前后鼻不分++
++在混淆集1++
++在混淆集1++
{}
句子： 849
{}
++在混淆集1++
++在混淆集1++
{}
句子： 850
{}
++拼音一致++
++拼音一致++
++在混淆集1++
++拼音一致++
++拼音一致++
++拼音一致++
{'起示': '启示'}
句子： 851
{}
++在混淆集1++
{}
句子： 852
{}
++拼音一致++
{}
句子： 853
{}
++在混淆集1++
++拼音一致++
++拼音一致++
{}
句子： 854
{}
++拼音一致++
++在混淆集1++
{}
句子： 855
{}
{}
句子： 856
{}
++拼音一致++
++拼音一致++
{'人材': '人才'}
句子： 857
{}
++拼音一致++
++拼音一致++
++拼音一致++
{'恼子': '脑子'}
句子： 858
{}
++拼音一致++
++拼音一致++
++拼音一致++
++拼音一致++
++在混淆集1++
++拼音一致++
++在混淆集1++
++拼音一致++
{'恶烈': '恶劣'}
句子： 859
{}
++拼音一致++
{}
句子： 860
{}
++拼音一致++
{}
句子： 861
{}
++在混淆集1++
++在混淆集1++
++前后鼻不分++
++在混淆集1++
++拼音一致++
++拼音一致++
++在混淆集1++
{}
句子： 862
++拼音一致++
{'见贤思其': '见贤思齐'}
++拼音一致++
++在混淆集1++
{}
句子： 863
++拼音一致++
{'清红皂白': '青红皂白'}
{}
句子： 864
{}
++拼音一致++
++在混淆集1++
++在混淆集1++
++在混淆集1++
++在混淆集1++
++在混淆集1++
++在混淆集1++
++在混淆集1++
++在混淆集1++
++在混淆集1++
++在混淆集1++
++在混淆集1++
++在混淆集1++
++在混淆集1++
++在混淆集1++
++在混淆集1++
++在混淆集1++
++在混淆集1++
++在混淆集1++
{}
句子： 865
{}
++拼音一致++
++在混淆集1++
++拼音一致++
++拼音一致++
++拼音一致++
++在混淆集1++
++在混淆集1++
{}
句子： 866
{}
{}
句子： 867
{}
++拼音一致++
{}
句子： 868
{}
++拼音一致++
{}
句子： 869
{}
++拼音一致++
{}
句子： 870
{}
++拼音一致++
++拼音一致++
++在混淆集1++
{'记续': '继续'}
句子： 871
{}
++拼音一致++
++拼音一致++
{}
句子： 872
{}
++在混淆集1++
{}
句子： 873
{}
++拼音一致++
++拼音一致++
++在混淆集1++
++字形相似++
++拼音一致++
{'舒发': '抒发'}
句子： 874
{}
++拼音一致++
++在混淆集1++
{}
句子： 875
{}
++拼音一致++
{}
句子： 876
{}
++拼音一致++
{}
句子： 877
{}
{}
句子： 878
{}
++在混淆集1++
++在混淆集1++
++拼音一致++
++拼音一致++
{}
句子： 879
++拼音一致++
{'闲情意致': '闲情逸致'}
++拼音一致++
++在混淆集1++
++在混淆集1++
{}
句子： 880
{}
{}
句子： 881
{}
++拼音一致++
++拼音一致++
++在混淆集1++
{'定意': '定义'}
句子： 882
{}
{}
句子： 883
{}
++拼音一致++
{'难勉': '难免'}
句子： 884
{}
++在混淆集1++
++拼音一致++
++在混淆集1++
++在混淆集1++
{}
句子： 885
{}
{}
句子： 886
{}
++拼音一致++
{}
句子： 887
++拼音一致++
{'愁梅苦脸': '愁眉苦脸'}
{}
句子： 888
{}
++拼音一致++
++拼音一致++
++拼音一致++
{}
句子： 889
{}
++拼音一致++
++在混淆集1++
++拼音一致++
++在混淆集1++
{}
句子： 890
{}
{}
句子： 891
++在混淆集1++
{'拼肩作战': '并肩作战'}
++拼音一致++
{'喜闹': '嬉闹'}
句子： 892
++在混淆集1++
{'平谈无奇': '平淡无奇'}
++拼音一致++
++在混淆集1++
++拼音一致++
{}
句子： 893
{}
{}
句子： 894
{}
++拼音一致++
{}
句子： 895
{}
{}
句子： 896
{}
++拼音一致++
{}
句子： 897
{}
++拼音一致++
{}
句子： 898
{}
++拼音一致++
++在混淆集1++
{'言谕': '言语'}
句子： 899
{}
++拼音一致++
{'乎略': '忽略'}
句子： 900
{}
++在混淆集1++
++拼音一致++
++拼音一致++
{}
句子： 901
{}
++拼音一致++
++在混淆集1++
{}
句子： 902
++拼音一致++
{'迎仞而解': '迎刃而解'}
{}
句子： 903
{}
++在混淆集1++
++拼音一致++
{}
句子： 904
++拼音一致++
{'毫不犹预': '毫不犹豫'}
{}
句子： 905
{}
++在混淆集1++
{}
句子： 906
{}
++拼音一致++
{'细逆': '细腻'}
句子： 907
{}
++拼音一致++
++拼音一致++
++在混淆集1++
++拼音一致++
++在混淆集1++
{'建意': '建议'}
句子： 908
{}
++拼音一致++
{'不仿': '不妨'}
句子： 909
{}
{}
句子： 910
{}
++拼音一致++
++拼音一致++
++在混淆集1++
{}
句子： 911
{}
++在混淆集1++
{}
句子： 912
{}
{}
句子： 913
{}
++在混淆集1++
++拼音一致++
++在混淆集1++
++在混淆集1++
++在混淆集1++
++在混淆集1++
++在混淆集1++
++在混淆集1++
++在混淆集1++
++在混淆集1++
++在混淆集1++
++在混淆集1++
++在混淆集1++
++在混淆集1++
++在混淆集1++
++在混淆集1++
++在混淆集1++
++在混淆集1++
++在混淆集1++
++在混淆集1++
++在混淆集1++
++在混淆集1++
++拼音一致++
{'荣信': '荣幸'}
句子： 914
{}
{}
句子： 915
{}
++拼音一致++
{}
句子： 916
{}
++拼音一致++
{'定议': '定义'}
句子： 917
{}
++拼音一致++
++前后鼻不分++
++字形相似++
++拼音一致++
{}
句子： 918
{}
++拼音一致++
{}
句子： 919
{}
++拼音一致++
++拼音一致++
{}
句子： 920
{}
++拼音一致++
++拼音一致++
++拼音一致++
++在混淆集1++
++在混淆集1++
++在混淆集1++
++在混淆集1++
++在混淆集1++
++在混淆集1++
++在混淆集1++
++在混淆集1++
++在混淆集1++
++在混淆集1++
++在混淆集1++
++在混淆集1++
++在混淆集1++
++在混淆集1++
{}
句子： 921
++拼音一致++
{}
++拼音一致++
++拼音一致++
++拼音一致++
++在混淆集1++
++在混淆集1++
++在混淆集1++
++在混淆集1++
++在混淆集1++
++在混淆集1++
++在混淆集1++
++在混淆集1++
++在混淆集1++
++在混淆集1++
++在混淆集1++
++在混淆集1++
++在混淆集1++
++在混淆集1++
{}
句子： 922
{}
++拼音一致++
{}
句子： 923
{}
++拼音一致++
++在混淆集1++
{}
句子： 924
{}
++拼音一致++
++拼音一致++
++拼音一致++
++拼音一致++
++在混淆集1++
{}
句子： 925
++字形相似++
++字形相似++
++字形相似++
++字形相似++
{}
++拼音一致++
++拼音一致++
++拼音一致++
{}
句子： 926
{}
++拼音一致++
{}
句子： 927
{}
{}
句子： 928
{}
++拼音一致++
++拼音一致++
{'娱快': '愉快'}
句子： 929
{}
++拼音一致++
++拼音一致++
++在混淆集1++
{}
句子： 930
{}
++拼音一致++
{}
句子： 931
{}
++拼音一致++
++拼音一致++
{'令外': '另外', '挥撒': '挥洒'}
句子： 932
{}
++拼音一致++
{'朋有': '朋友'}
句子： 933
{}
++拼音一致++
++在混淆集1++
++拼音一致++
{'烦脑': '烦恼'}
句子： 934
{}
++拼音一致++
{'忙录': '忙碌'}
句子： 935
{}
++拼音一致++
{'开郎': '开朗'}
句子： 936
{}
++在混淆集1++
++拼音一致++
++在混淆集1++
{'不旦': '不但'}
句子： 937
{}
++拼音一致++
++在混淆集1++
++拼音一致++
++拼音一致++
++拼音一致++
++在混淆集1++
{}
句子： 938
{}
++拼音一致++
++拼音一致++
++在混淆集1++
++拼音一致++
++拼音一致++
{}
句子： 939
{}
++拼音一致++
++拼音一致++
{}
句子： 940
{}
++字形相似++
++在混淆集1++
{}
句子： 941
{}
++拼音一致++
++在混淆集1++
{'辨法': '办法'}
句子： 942
{}
++拼音一致++
{'烦脑': '烦恼'}
句子： 943
++在混淆集1++
{}
++拼音一致++
++在混淆集1++
{}
句子： 944
{}
++拼音一致++
++拼音一致++
++拼音一致++
{'永有': '拥有'}
句子： 945
{}
++在混淆集1++
++在混淆集1++
++拼音一致++
++拼音一致++
{'竟量': '尽量'}
句子： 946
{}
++拼音一致++
++拼音一致++
++拼音一致++
++拼音一致++
++拼音一致++
++拼音一致++
++拼音一致++
++拼音一致++
++拼音一致++
++拼音一致++
++拼音一致++
++拼音一致++
{}
句子： 947
{}
{}
句子： 948
{}
++拼音一致++
++拼音一致++
++拼音一致++
{}
句子： 949
{}
++拼音一致++
++拼音一致++
++在混淆集1++
++拼音一致++
++在混淆集1++
++拼音一致++
{}
句子： 950
{}
++拼音一致++
++字形相似++
{}
句子： 951
++拼音一致++
{'天方夜潭': '天方夜谭'}
{}
句子： 952
{}
++在混淆集1++
++在混淆集1++
++在混淆集1++
++拼音一致++
++在混淆集1++
{}
句子： 953
{}
++拼音一致++
++拼音一致++
++拼音一致++
{'恢心': '灰心'}
句子： 954
{}
++拼音一致++
++拼音一致++
++在混淆集1++
++在混淆集1++
++拼音一致++
{'联天': '聊天'}
句子： 955
{}
++在混淆集1++
++在混淆集1++
{'狂街': '逛街'}
句子： 956
{}
++拼音一致++
{}
句子： 957
++拼音一致++
{'破涕微笑': '破涕为笑'}
++在混淆集1++
{}
句子： 958
{}
++拼音一致++
++平翘舌不分++
++拼音一致++
{'烦脑': '烦恼'}
句子： 959
{}
{}
句子： 960
{}
++拼音一致++
{}
句子： 961
++拼音一致++
{'疲备不堪': '疲惫不堪'}
{}
句子： 962
{}
{}
句子： 963
++拼音一致++
{'无悠无虑': '无忧无虑'}
{}
句子： 964
{}
++拼音一致++
{'辛慰': '欣慰'}
句子： 965
{}
{}
句子： 966
{}
++在混淆集1++
++在混淆集1++
{}
句子： 967
{}
++拼音一致++
++拼音一致++
{}
句子： 968
{}
++拼音一致++
{'慢延': '蔓延'}
句子： 969
{}
++拼音一致++
{}
句子： 970
{}
++拼音一致++
{}
句子： 971
{}
++前后鼻不分++
++在混淆集1++
{}
句子： 972
{}
++在混淆集1++
++拼音一致++
{}
句子： 973
{}
++拼音一致++
{}
句子： 974
{}
++拼音一致++
++在混淆集1++
{}
句子： 975
{}
++在混淆集1++
++在混淆集1++
++拼音一致++
++拼音一致++
{'舒发': '抒发'}
句子： 976
{}
{}
句子： 977
{}
++在混淆集1++
++拼音一致++
++拼音一致++
++在混淆集1++
{'烦脑': '烦恼'}
句子： 978
{}
{}
句子： 979
{}
++拼音一致++
{'缝系': '缝隙'}
句子： 980
{}
++拼音一致++
{}
句子： 981
{}
++拼音一致++
{'乎略': '忽略'}
句子： 982
{}
++拼音一致++
{}
句子： 983
{}
{}
句子： 984
++拼音一致++
{'异想不到': '意想不到'}
++拼音一致++
++拼音一致++
++拼音一致++
{'珍息': '珍惜'}
句子： 985
{}
++拼音一致++
{'做品': '作品'}
句子： 986
{}
++拼音一致++
++拼音一致++
++在混淆集1++
++在混淆集1++
{'幸服': '幸福'}
句子： 987
{}
++拼音一致++
{}
句子： 988
{}
++拼音一致++
++拼音一致++
{}
句子： 989
{}
{}
句子： 990
{}
++拼音一致++
++拼音一致++
{'苦脑': '苦恼'}
句子： 991
{}
++拼音一致++
++拼音一致++
{}
句子： 992
{}
++拼音一致++
++在混淆集1++
++拼音一致++
++在混淆集1++
{}
句子： 993
{}
++平翘舌不分++
{}
句子： 994
++拼音一致++
{'枯躁乏味': '枯燥乏味'}
{}
句子： 995
{}
++拼音一致++
{'乎略': '忽略'}
句子： 996
{}
++在混淆集1++
{}
句子： 997
{}
++拼音一致++
++在混淆集1++
++在混淆集1++
{'息惯': '习惯'}
句子： 998
{}
++拼音一致++
++在混淆集1++
{}
句子： 999
{}
{}
句子： 0
{}
{}
句子： 1
{}
{}
句子： 2
{}
{}
句子： 3
{}
++拼音一致++
++在混淆集1++
{}
句子： 4
{}
{}
句子： 5
{}
++拼音一致++
{}
句子： 6
{}
++拼音一致++
++前后鼻不分++
{}
句子： 7
{}
{}
句子： 8
{}
++拼音一致++
++拼音一致++
{}
句子： 9
{}
++拼音一致++
{'看道': '看到'}
句子： 10
{}
{}
句子： 11
{}
++拼音一致++
++在混淆集1++
{'炫丽': '绚丽'}
句子： 12
{}
{}
句子： 13
{}
{}
句子： 14
{}
{}
句子： 15
{}
{}
句子： 16
{}
{}
句子： 17
{}
{}
句子： 18
{}
{}
句子： 19
{}
{}
句子： 20
{}
++在混淆集1++
{}
句子： 21
{}
{}
句子： 22
{}
{}
句子： 23
{}
++拼音一致++
++在混淆集1++
++在混淆集1++
{}
句子： 24
{}
++在混淆集1++
++前后鼻不分++
++在混淆集1++
{}
句子： 25
++在混淆集1++
{'满上遍野': '满山遍野'}
++在混淆集1++
{}
句子： 26
{}
{}
句子： 27
{}
{}
句子： 28
{}
++在混淆集1++
{'尽然': '竟然'}
句子： 29
{}
{}
句子： 30
++拼音一致++
{'不知不绝': '不知不觉'}
++在混淆集1++
{}
句子： 31
{}
{}
句子： 32
{}
{}
句子： 33
{}
{}
句子： 34
++字形相似++
++字形相似++
++字形相似++
++字形相似++
++字形相似++
++字形相似++
{}
{}
句子： 35
{}
{}
句子： 36
{}
++拼音一致++
++拼音一致++
++在混淆集1++
{}
句子： 37
{}
{}
句子： 38
{}
{}
句子： 39
{}
++拼音一致++
++前后鼻不分++
++在混淆集1++
{'睛天': '今天'}
句子： 40
{}
{}
句子： 41
++在混淆集1++
++在混淆集1++
{}
{}
句子： 42
++拼音一致++
++在混淆集1++
++在混淆集1++
{'九宵云外': '九霄云外'}
{}
句子： 43
{}
++前后鼻不分++
++前后鼻不分++
++在混淆集1++
{}
句子： 44
{}
++拼音一致++
{}
句子： 45
{}
++拼音一致++
++在混淆集1++
++在混淆集1++
{}
句子： 46
{}
++在混淆集1++
{}
句子： 47
{}
{}
句子： 48
{}
++拼音一致++
++在混淆集1++
++在混淆集1++
++拼音一致++
{'制做': '制作'}
句子： 49
{}
{}
句子： 50
{}
{}
句子： 51
{}
{}
句子： 52
{}
{}
句子： 53
{}
{}
句子： 54
{}
++拼音一致++
{'音乐科': '音乐课'}
句子： 55
{}
++拼音一致++
++在混淆集1++
{'高心': '高兴'}
句子： 56
{}
{}
句子： 57
{}
{}
句子： 58
++拼音一致++
{}
++拼音一致++
{}
句子： 59
{}
{}
句子： 60
{}
++在混淆集1++
{}
句子： 61
++拼音一致++
{'义无返顾': '义无反顾'}
{}
句子： 62
{}
++在混淆集1++
{}
句子： 63
{}
{}
句子： 64
{}
++拼音一致++
{}
句子： 65
{}
{}
句子： 66
{}
++拼音一致++
{}
句子： 67
{}
{}
句子： 68
{}
++拼音一致++
++拼音一致++
{'时后': '时候'}
句子： 69
{}
{}
句子： 70
{}
++拼音一致++
++在混淆集1++
{}
句子： 71
{}
++拼音一致++
++在混淆集1++
++在混淆集1++
++在混淆集1++
{}
句子： 72
{}
{}
句子： 73
{}
{}
句子： 74
{}
{}
句子： 75
{}
{}
句子： 76
{}
{}
句子： 77
{}
{}
句子： 78
{}
{}
句子： 79
{}
++拼音一致++
++拼音一致++
{}
句子： 80
{}
{}
句子： 81
{}
{}
句子： 82
++拼音一致++
{}
{}
句子： 83
{}
++拼音一致++
++在混淆集1++
++在混淆集1++
{'坏绕': '环绕'}
句子： 84
{}
++前后鼻不分++
{'发什': '发生'}
句子： 85
++字形相似++
++在混淆集1++
{'迫不得己': '迫不得已'}
{}
句子： 86
{}
{}
句子： 87
{}
++前后鼻不分++
++在混淆集1++
++拼音一致++
{}
句子： 88
{}
{}
句子： 89
{}
++在混淆集1++
{'应为': '因为'}
句子： 90
{}
++字形相似++
{}
句子： 91
{}
++拼音一致++
{}
句子： 92
{}
{}
句子： 93
++拼音一致++
{}
{}
句子： 94
{}
{}
句子： 95
{}
{}
句子： 96
{}
{}
句子： 97
{}
{}
句子： 98
{}
++拼音一致++
{'送果': '松果'}
句子： 99
++拼音一致++
++拼音一致++
{'再接再励': '再接再厉'}
{}
句子： 100
{}
++在混淆集1++
{}
句子： 101
{}
++在混淆集1++
{}
句子： 102
{}
++拼音一致++
++在混淆集1++
++在混淆集1++
++在混淆集1++
{}
句子： 103
++字形相似++
++字形相似++
{}
++在混淆集1++
++字形相似++
++在混淆集1++
{'猎八': '猪八'}
句子： 104
{}
++在混淆集1++
{}
句子： 105
{}
{}
句子： 106
{}
++在混淆集1++
++在混淆集1++
++在混淆集1++
++在混淆集1++
++拼音一致++
{}
句子： 107
{}
++在混淆集1++
{}
句子： 108
{}
++拼音一致++
++字形相似++
++字形相似++
++字形相似++
++字形相似++
++字形相似++
++字形相似++
++字形相似++
++字形相似++
++字形相似++
++字形相似++
{}
句子： 109
{}
++在混淆集1++
{}
句子： 110
{}
{}
句子： 111
{}
++字形相似++
{}
句子： 112
{}
++字形相似++
++字形相似++
++字形相似++
++字形相似++
++字形相似++
++字形相似++
++字形相似++
++字形相似++
++字形相似++
++字形相似++
++字形相似++
++字形相似++
++字形相似++
++字形相似++
++字形相似++
++字形相似++
++字形相似++
++字形相似++
++字形相似++
++字形相似++
++字形相似++
++字形相似++
++字形相似++
++字形相似++
++拼音一致++
++在混淆集1++
{}
句子： 113
{}
{}
句子： 114
{}
{}
句子： 115
{}
{}
句子： 116
{}
{}
句子： 117
++拼音一致++
{'容光换发': '容光焕发'}
{}
句子： 118
{}
{}
句子： 119
++在混淆集1++
++在混淆集1++
{}
{}
句子： 120
{}
++在混淆集1++
++字形相似++
++字形相似++
++字形相似++
++字形相似++
++字形相似++
++字形相似++
++字形相似++
++字形相似++
++字形相似++
++字形相似++
++字形相似++
++字形相似++
++字形相似++
++字形相似++
++字形相似++
++字形相似++
++字形相似++
++字形相似++
++字形相似++
++平翘舌不分++
++字形相似++
++字形相似++
++字形相似++
++字形相似++
++字形相似++
++字形相似++
++字形相似++
++字形相似++
++在混淆集1++
++在混淆集1++
{}
句子： 121
{}
{}
句子： 122
{}
{}
句子： 123
{}
++在混淆集1++
{}
句子： 124
{}
++拼音一致++
{}
句子： 125
{}
{}
句子： 126
{}
++拼音一致++
++拼音一致++
++拼音一致++
{}
句子： 127
{}
{}
句子： 128
{}
++在混淆集1++
{}
句子： 129
{}
++拼音一致++
++拼音一致++
{}
句子： 130
{}
{}
句子： 131
{}
{}
句子： 132
++在混淆集1++
++在混淆集1++
++字形相似++
++在混淆集1++
++在混淆集1++
{}
++在混淆集1++
{}
句子： 133
{}
{}
句子： 134
{}
{}
句子： 135
{}
++在混淆集1++
++在混淆集1++
++在混淆集1++
++在混淆集1++
{}
句子： 136
{}
{}
句子： 137
{}
{}
句子： 138
{}
{}
句子： 139
{}
++拼音一致++
++拼音一致++
{}
句子： 140
{}
{}
句子： 141
{}
++字形相似++
++在混淆集1++
++在混淆集1++
{'厕门': '厕门'}
句子： 142
{}
{}
句子： 143
{}
{}
句子： 144
{}
++拼音一致++
++拼音一致++
++拼音一致++
{}
句子： 145
{}
++拼音一致++
++拼音一致++
{}
句子： 146
{}
++字形相似++
++字形相似++
{}
句子： 147
{}
{}
句子： 148
{}
{}
句子： 149
{}
++拼音一致++
++拼音一致++
{}
句子： 150
{}
++拼音一致++
++在混淆集1++
++前后鼻不分++
{}
句子： 151
{}
{}
句子： 152
{}
++拼音一致++
++拼音一致++
{}
句子： 153
{}
{}
句子： 154
{}
++拼音一致++
++拼音一致++
++字形相似++
{}
句子： 155
{}
++拼音一致++
++在混淆集1++
++在混淆集1++
{}
句子： 156
{}
++在混淆集1++
++在混淆集1++
++在混淆集1++
{'扭开': '拉开'}
句子： 157
{}
{}
句子： 158
{}
{}
句子： 159
{}
++拼音一致++
++拼音一致++
++拼音一致++
++拼音一致++
{'像貌': '相貌'}
句子： 160
{}
{}
句子： 161
{}
{}
句子： 162
{}
++在混淆集1++
{}
句子： 163
{}
++拼音一致++
++拼音一致++
{}
句子： 164
{}
++在混淆集1++
{}
句子： 165
{}
++拼音一致++
++字形相似++
++字形相似++
++在混淆集1++
{'违犯': '违反'}
句子： 166
{}
{}
句子： 167
{}
++前后鼻不分++
++前后鼻不分++
++拼音一致++
++拼音一致++
{}
句子： 168
{}
{}
句子： 169
{}
++在混淆集1++
{}
句子： 170
{}
{}
句子： 171
{}
++在混淆集1++
++在混淆集1++
{}
句子： 172
{}
{}
句子： 173
{}
{}
句子： 174
{}
++在混淆集1++
{'拙折': '挫折'}
句子： 175
{}
++拼音一致++
++拼音一致++
++拼音一致++
{}
句子： 176
{}
{}
句子： 177
{}
++拼音一致++
++拼音一致++
{'相煎': '相煎'}
句子： 178
{}
{}
句子： 179
{}
{}
句子： 180
{}
{}
句子： 181
{}
{}
句子： 182
{}
++拼音一致++
++前后鼻不分++
{}
句子： 183
{}
++字形相似++
++在混淆集1++
++字形相似++
++拼音一致++
++拼音一致++
++字形相似++
{}
句子： 184
++在混淆集1++
{'无时不刻': '无时无刻'}
{}
句子： 185
{}
{}
句子： 186
{}
{}
句子： 187
{}
++在混淆集1++
{}
句子： 188
{}
{}
句子： 189
{}
++在混淆集1++
++拼音一致++
{}
句子： 190
{}
++拼音一致++
++在混淆集1++
{}
句子： 191
{}
{}
句子： 192
{}
{}
句子： 193
{}
++在混淆集1++
++在混淆集1++
{}
句子： 194
{}
{}
句子： 195
{}
++在混淆集1++
{}
句子： 196
{}
++拼音一致++
{}
句子： 197
{}
++拼音一致++
{}
句子： 198
{}
++拼音一致++
{}
句子： 199
{}
{}
句子： 200
{}
{}
句子： 201
{}
{}
句子： 202
{}
{}
句子： 203
{}
++拼音一致++
{'供献': '贡献'}
句子： 204
{}
{}
句子： 205
++字形相似++
++字形相似++
++字形相似++
++字形相似++
{}
++在混淆集1++
++拼音一致++
++拼音一致++
{}
句子： 206
{}
{}
句子： 207
{}
{}
句子： 208
{}
++拼音一致++
++拼音一致++
++在混淆集1++
{'知到': '知道'}
句子： 209
{}
++字形相似++
{}
句子： 210
{}
{}
句子： 211
{}
{}
句子： 212
{}
{}
句子： 213
{}
++拼音一致++
++在混淆集1++
++拼音一致++
{}
句子： 214
{}
{}
句子： 215
{}
{}
句子： 216
{}
{}
句子： 217
{}
{}
句子： 218
{}
++拼音一致++
{}
句子： 219
{}
{}
句子： 220
{}
{}
句子： 221
{}
{}
句子： 222
{}
++在混淆集1++
++字形相似++
++字形相似++
{}
句子： 223
{}
++在混淆集1++
{}
句子： 224
{}
{}
句子： 225
{}
++拼音一致++
++拼音一致++
++拼音一致++
{}
句子： 226
{}
++拼音一致++
++拼音一致++
++拼音一致++
++拼音一致++
++拼音一致++
++拼音一致++
++拼音一致++
++拼音一致++
++拼音一致++
++拼音一致++
++拼音一致++
++拼音一致++
++拼音一致++
++拼音一致++
++拼音一致++
++拼音一致++
++拼音一致++
++拼音一致++
++拼音一致++
++拼音一致++
++拼音一致++
{}
句子： 227
{}
{}
句子： 228
{}
{}
句子： 229
{}
{}
句子： 230
{}
++在混淆集1++
{}
句子： 231
{}
++在混淆集1++
++前后鼻不分++
++在混淆集1++
{}
句子： 232
{}
{}
句子： 233
{}
{}
句子： 234
{}
++在混淆集1++
++字形相似++
{}
句子： 235
{}
++字形相似++
{}
句子： 236
{}
++前后鼻不分++
{}
句子： 237
{}
{}
句子： 238
{}
++拼音一致++
{}
句子： 239
{}
{}
句子： 240
{}
{}
句子： 241
{}
{}
句子： 242
{}
++拼音一致++
{'同年': '童年'}
句子： 243
{}
{}
句子： 244
{}
{}
句子： 245
{}
{}
句子： 246
{}
++拼音一致++
++在混淆集1++
++在混淆集1++
++在混淆集1++
{}
句子： 247
{}
++在混淆集1++
{}
句子： 248
{}
++拼音一致++
++在混淆集1++
++在混淆集1++
++拼音一致++
++拼音一致++
++在混淆集1++
++拼音一致++
++在混淆集1++
{}
句子： 249
{}
{}
句子： 250
{}
{}
句子： 251
{}
++拼音一致++
{'偶而': '偶而'}
句子： 252
{}
{}
句子： 253
{}
++拼音一致++
++拼音一致++
++拼音一致++
{}
句子： 254
{}
{}
句子： 255
{}
++在混淆集1++
++在混淆集1++
{}
句子： 256
{}
{}
句子： 257
++在混淆集1++
++在混淆集1++
{'当妆浓抹': '淡妆浓抹'}
{}
句子： 258
{}
{}
句子： 259
{}
++在混淆集1++
{}
句子： 260
{}
{}
句子： 261
{}
++拼音一致++
++前后鼻不分++
{}
句子： 262
{}
{}
句子： 263
{}
{}
句子： 264
{}
{}
句子： 265
++拼音一致++
{'世外桃园': '世外桃源'}
++拼音一致++
++字形相似++
{}
句子： 266
{}
{}
句子： 267
{}
++在混淆集1++
++在混淆集1++
{}
句子： 268
{}
{}
句子： 269
++在混淆集1++
{'消身匿迹': '消声匿迹'}
{}
句子： 270
{}
++在混淆集1++
++在混淆集1++
++拼音一致++
{}
句子： 271
++拼音一致++
++拼音一致++
{'世外桃园': '世外桃源', '留恋忘返': '留连忘返'}
{}
句子： 272
{}
++拼音一致++
++拼音一致++
++拼音一致++
++在混淆集1++
{}
句子： 273
{}
++拼音一致++
++拼音一致++
++拼音一致++
{'无暇': '无瑕'}
句子： 274
{}
++拼音一致++
++拼音一致++
++拼音一致++
++拼音一致++
++拼音一致++
{'嘻戏': '嬉戏'}
句子： 275
{}
++拼音一致++
{}
句子： 276
{}
++拼音一致++
{'看道': '看到'}
句子： 277
{}
++前后鼻不分++
{}
句子： 278
{}
++在混淆集1++
++在混淆集1++
++字形相似++
{'群上': '群山'}
句子： 279
{}
++在混淆集1++
++在混淆集1++
{}
句子： 280
++字形相似++
++字形相似++
++字形相似++
++字形相似++
{}
++拼音一致++
{}
句子： 281
{}
++拼音一致++
++前后鼻不分++
{}
句子： 282
{}
{}
句子： 283
{}
++拼音一致++
{}
句子： 284
{}
++拼音一致++
++拼音一致++
++拼音一致++
{}
句子： 285
{}
++拼音一致++
++在混淆集1++
++在混淆集1++
{}
句子： 286
{}
++在混淆集1++
++在混淆集1++
{}
句子： 287
{}
{}
句子： 288
{}
{}
句子： 289
{}
++在混淆集1++
{}
句子： 290
{}
++拼音一致++
++平翘舌不分++
{}
句子： 291
{}
++拼音一致++
++在混淆集1++
++字形相似++
++字形相似++
{}
句子： 292
{}
++拼音一致++
{}
句子： 293
{}
++拼音一致++
{}
句子： 294
{}
{}
句子： 295
++在混淆集1++
{'玲琅满目': '琳琅满目'}
++拼音一致++
++拼音一致++
++在混淆集1++
{}
句子： 296
{}
++拼音一致++
++拼音一致++
++拼音一致++
++拼音一致++
{'成子': '成子'}
句子： 297
{}
++拼音一致++
{}
句子： 298
{}
++拼音一致++
{'求姑娘': '秋姑娘'}
句子： 299
{}
++在混淆集1++
++在混淆集1++
{}
句子： 300
{}
++在混淆集1++
{}
句子： 301
{}
{}
句子： 302
{}
++在混淆集1++
++在混淆集1++
++在混淆集1++
{}
句子： 303
{}
++拼音一致++
++拼音一致++
++拼音一致++
{}
句子： 304
{}
++拼音一致++
{'常所': '场所'}
句子： 305
{}
{}
句子： 306
{}
{}
句子： 307
{}
{}
句子： 308
{}
{}
句子： 309
{}
++在混淆集1++
{'忙绿': '忙碌'}
句子： 310
{}
{}
句子： 311
{}
{}
句子： 312
{}
++拼音一致++
++拼音一致++
{'瑶篮': '摇篮', '了园': '乐园'}
句子： 313
{}
{}
句子： 314
{}
{}
句子： 315
{}
{}
句子： 316
{}
{}
句子： 317
{}
{}
句子： 318
{}
{}
句子： 319
{}
{}
句子： 320
{}
{}
句子： 321
{}
{}
句子： 322
{}
{}
句子： 323
{}
{}
句子： 324
{}
{}
句子： 325
++在混淆集1++
{}
{}
句子： 326
++拼音一致++
++拼音一致++
{'水泻不通': '水泄不通'}
++在混淆集1++
++在混淆集1++
++在混淆集1++
++在混淆集1++
++在混淆集1++
++在混淆集1++
++在混淆集1++
++在混淆集1++
++在混淆集1++
++拼音一致++
++拼音一致++
++字形相似++
++在混淆集1++
{}
句子： 327
{}
{}
句子： 328
{}
{}
句子： 329
{}
{}
句子： 330
++字形相似++
{}
++拼音一致++
++拼音一致++
{}
句子： 331
{}
{}
句子： 332
{}
{}
句子： 333
{}
++在混淆集1++
{}
句子： 334
{}
++拼音一致++
++拼音一致++
{}
句子： 335
{}
++拼音一致++
++拼音一致++
++拼音一致++
++拼音一致++
++拼音一致++
++拼音一致++
++在混淆集1++
++拼音一致++
++拼音一致++
++拼音一致++
{}
句子： 336
{}
{}
句子： 337
{}
++在混淆集1++
++在混淆集1++
++在混淆集1++
++在混淆集1++
{}
句子： 338
{}
++在混淆集1++
++在混淆集1++
{'疼受': '疼爱', '温暧': '温暖'}
句子： 339
{}
{}
句子： 340
{}
++在混淆集1++
++拼音一致++
++在混淆集1++
{}
句子： 341
{}
{}
句子： 342
{}
++在混淆集1++
++拼音一致++
{'锻练': '锻炼'}
句子： 343
{}
++拼音一致++
++在混淆集1++
++在混淆集1++
{'清辙': '清澈'}
句子： 344
{}
{}
句子： 345
{}
{}
句子： 346
{}
++在混淆集1++
++拼音一致++
++在混淆集1++
++字形相似++
++字形相似++
++拼音一致++
++拼音一致++
++拼音一致++
{}
句子： 347
++在混淆集1++
{'玲琅满目': '琳琅满目'}
{}
句子： 348
{}
++拼音一致++
++拼音一致++
{'无暇': '无瑕', '吹佛': '吹拂'}
句子： 349
{}
++拼音一致++
++拼音一致++
++在混淆集1++
++在混淆集1++
++在混淆集1++
++在混淆集1++
++拼音一致++
{'苍桑': '沧桑'}
句子： 350
{}
{}
句子： 351
{}
{}
句子： 352
{}
{}
句子： 353
{}
++拼音一致++
{}
句子： 354
{}
{}
句子： 355
{}
++在混淆集1++
++前后鼻不分++
++拼音一致++
{}
句子： 356
{}
++拼音一致++
{}
句子： 357
{}
{}
句子： 358
{}
{}
句子： 359
{}
++拼音一致++
++拼音一致++
++拼音一致++
++拼音一致++
{}
句子： 360
{}
++拼音一致++
++拼音一致++
++拼音一致++
++拼音一致++
++拼音一致++
++拼音一致++
++拼音一致++
++拼音一致++
++拼音一致++
++拼音一致++
++拼音一致++
++拼音一致++
{}
句子： 361
{}
++拼音一致++
++拼音一致++
++在混淆集1++
{'印像': '印象'}
句子： 362
{}
{}
句子： 363
{}
++在混淆集1++
++在混淆集1++
{'散学': '散学'}
句子： 364
{}
{}
句子： 365
{}
{}
句子： 366
{}
{}
句子： 367
{}
{}
句子： 368
{}
{}
句子： 369
{}
{}
句子： 370
{}
++在混淆集1++
{}
句子： 371
{}
{}
句子： 372
{}
{}
句子： 373
{}
++拼音一致++
++平翘舌不分++
++拼音一致++
{}
句子： 374
{}
++拼音一致++
++在混淆集1++
{}
句子： 375
++字形相似++
++字形相似++
++字形相似++
++字形相似++
{}
{}
句子： 376
{}
++拼音一致++
{}
句子： 377
{}
++拼音一致++
++在混淆集1++
{'知后': '之后'}
句子： 378
{}
++拼音一致++
++拼音一致++
++在混淆集1++
{'以经': '已经'}
句子： 379
{}
++拼音一致++
{}
句子： 380
{}
{}
句子： 381
{}
{}
句子： 382
++在混淆集1++
++在混淆集1++
++在混淆集1++
++在混淆集1++
{}
{}
句子： 383
{}
{}
句子： 384
{}
++拼音一致++
++拼音一致++
{}
句子： 385
{}
{}
句子： 386
{}
++在混淆集1++
{'阳关': '阳光'}
句子： 387
{}
{}
句子： 388
{}
{}
句子： 389
{}
++在混淆集1++
++前后鼻不分++
++在混淆集1++
++拼音一致++
{}
句子： 390
{}
{}
句子： 391
{}
{}
句子： 392
{}
{}
句子： 393
{}
{}
句子： 394
{}
++在混淆集1++
++拼音一致++
{'活波': '活泼'}
句子： 395
{}
++拼音一致++
{}
句子： 396
{}
{}
句子： 397
{}
++在混淆集1++
++在混淆集1++
{'任然': '仍然'}
句子： 398
{}
{}
句子： 399
{}
++拼音一致++
++拼音一致++
{}
句子： 400
{}
{}
句子： 401
{}
{}
句子： 402
{}
{}
句子： 403
++在混淆集1++
{}
++在混淆集1++
{}
句子： 404
{}
{}
句子： 405
{}
++在混淆集1++
++在混淆集1++
{}
句子： 406
{}
{}
句子： 407
{}
{}
句子： 408
++在混淆集1++
{}
++拼音一致++
++在混淆集1++
{}
句子： 409
{}
++拼音一致++
{}
句子： 410
{}
++拼音一致++
{}
句子： 411
{}
{}
句子： 412
{}
++拼音一致++
++前后鼻不分++
++平翘舌不分++
++在混淆集1++
++拼音一致++
++在混淆集1++
++字形相似++
++字形相似++
++字形相似++
++拼音一致++
++在混淆集1++
++拼音一致++
{}
句子： 413
{}
{}
句子： 414
{}
{}
句子： 415
{}
{}
句子： 416
{}
{}
句子： 417
{}
{}
句子： 418
{}
++字形相似++
++在混淆集1++
++拼音一致++
++在混淆集1++
{}
句子： 419
{}
{}
句子： 420
{}
{}
句子： 421
{}
{}
句子： 422
{}
{}
句子： 423
{}
{}
句子： 424
{}
++在混淆集1++
++在混淆集1++
{}
句子： 425
++拼音一致++
{'打发雷霆': '大发雷霆'}
{}
句子： 426
{}
++在混淆集1++
{}
句子： 427
{}
++拼音一致++
{}
句子： 428
{}
{}
句子： 429
{}
{}
句子： 430
{}
{}
句子： 431
{}
++拼音一致++
++拼音一致++
++在混淆集1++
{'误时': '误时'}
句子： 432
{}
++拼音一致++
++拼音一致++
++拼音一致++
{}
句子： 433
{}
++在混淆集1++
{}
句子： 434
{}
{}
句子： 435
{}
{}
句子： 436
{}
++在混淆集1++
{'映在': '印在'}
句子： 437
{}
++拼音一致++
++拼音一致++
{}
句子： 438
{}
{}
句子： 439
{}
{}
句子： 440
{}
++拼音一致++
++在混淆集1++
{'意绪': '思绪'}
句子： 441
{}
{}
句子： 442
{}
{}
句子： 443
{}
{}
句子： 444
{}
{}
句子： 445
{}
{}
句子： 446
{}
{}
句子： 447
{}
{}
句子： 448
{}
{}
句子： 449
{}
{}
句子： 450
{}
{}
句子： 451
{}
++在混淆集1++
++拼音一致++
++拼音一致++
{'无暇': '无瑕'}
句子： 452
{}
{}
句子： 453
{}
{}
句子： 454
{}
++拼音一致++
++在混淆集1++
{}
句子： 455
{}
{}
句子： 456
{}
{}
句子： 457
{}
{}
句子： 458
{}
{}
句子： 459
{}
{}
句子： 460
++在混淆集1++
{'史无前列': '史无前例'}
++在混淆集1++
++在混淆集1++
++在混淆集1++
{'仍何': '任何'}
句子： 461
{}
{}
句子： 462
{}
++拼音一致++
{'撒下': '洒下'}
句子： 463
{}
{}
句子： 464
{}
++拼音一致++
{}
句子： 465
{}
{}
句子： 466
{}
++拼音一致++
{'老动': '劳动'}
句子： 467
{}
{}
句子： 468
{}
{}
句子： 469
{}
{}
句子： 470
{}
++字形相似++
++字形相似++
++在混淆集1++
++字形相似++
{'山一': '山一'}
句子： 471
{}
{}
句子： 472
{}
++拼音一致++
{}
句子： 473
{}
++拼音一致++
{}
句子： 474
{}
{}
句子： 475
{}
{}
句子： 476
{}
++拼音一致++
{'飘亮': '漂亮'}
句子： 477
{}
++拼音一致++
{'手挽': '手挽'}
句子： 478
{}
++拼音一致++
++拼音一致++
{'猜灯': '猜灯'}
句子： 479
{}
++在混淆集1++
{}
句子： 480
{}
++在混淆集1++
{}
句子： 481
{}
{}
句子： 482
{}
++拼音一致++
++拼音一致++
++字形相似++
++字形相似++
++拼音一致++
++拼音一致++
++字形相似++
++字形相似++
++拼音一致++
++拼音一致++
++字形相似++
++字形相似++
{'千夕': '千夕'}
句子： 483
{}
++前后鼻不分++
++在混淆集1++
{}
句子： 484
{}
++拼音一致++
++字形相似++
{'蹬上': '登上'}
句子： 485
{}
{}
句子： 486
{}
{}
句子： 487
{}
{}
句子： 488
{}
++拼音一致++
++拼音一致++
++前后鼻不分++
{}
句子： 489
{}
++拼音一致++
++拼音一致++
{}
句子： 490
{}
{}
句子： 491
{}
++在混淆集1++
++平翘舌不分++
{}
句子： 492
{}
++拼音一致++
++拼音一致++
++在混淆集1++
++在混淆集1++
{}
句子： 493
{}
{}
句子： 494
{}
{}
句子： 495
{}
++在混淆集1++
++拼音一致++
++字形相似++
++平翘舌不分++
{}
句子： 496
{}
{}
句子： 497
{}
++拼音一致++
++在混淆集1++
{}
句子： 498
{}
++拼音一致++
++拼音一致++
++拼音一致++
{'经厉': '经历'}
句子： 499
{}
{}
句子： 500
{}
++拼音一致++
++在混淆集1++
{'校学': '小学'}
句子： 501
{}
++在混淆集1++
{}
句子： 502
{}
++拼音一致++
++在混淆集1++
{}
句子： 503
{}
{}
句子： 504
{}
{}
句子： 505
{}
{}
句子： 506
{}
{}
句子： 507
{}
++在混淆集1++
{}
句子： 508
{}
++在混淆集1++
{}
句子： 509
{}
{}
句子： 510
{}
{}
句子： 511
{}
{}
句子： 512
{}
{}
句子： 513
{}
{}
句子： 514
{}
{}
句子： 515
{}
{}
句子： 516
{}
++在混淆集1++
{}
句子： 517
{}
++拼音一致++
{}
句子： 518
{}
{}
句子： 519
{}
{}
句子： 520
{}
{}
句子： 521
{}
{}
句子： 522
{}
++字形相似++
++字形相似++
++在混淆集1++
{}
句子： 523
{}
{}
句子： 524
{}
++在混淆集1++
{}
句子： 525
{}
{}
句子： 526
++字形相似++
++字形相似++
++字形相似++
++字形相似++
++在混淆集1++
++在混淆集1++
{}
++拼音一致++
++拼音一致++
{}
句子： 527
{}
{}
句子： 528
{}
{}
句子： 529
{}
{}
句子： 530
{}
++拼音一致++
{}
句子： 531
{}
{}
句子： 532
{}
{}
句子： 533
{}
{}
句子： 534
{}
{}
句子： 535
{}
++拼音一致++
++在混淆集1++
{'掰手': '掰手'}
句子： 536
{}
{}
句子： 537
{}
{}
句子： 538
{}
{}
句子： 539
{}
{}
句子： 540
{}
{}
句子： 541
{}
++在混淆集1++
++在混淆集1++
{}
句子： 542
{}
{}
句子： 543
{}
++在混淆集1++
{}
句子： 544
++字形相似++
++字形相似++
++字形相似++
++字形相似++
{}
{}
句子： 545
{}
{}
句子： 546
++在混淆集1++
++在混淆集1++
++在混淆集1++
++在混淆集1++
++在混淆集1++
{}
++拼音一致++
{}
句子： 547
{}
{}
句子： 548
{}
++在混淆集1++
++拼音一致++
{}
句子： 549
{}
{}
句子： 550
{}
{}
句子： 551
{}
++在混淆集1++
{'地翻': '地翻'}
句子： 552
{}
{}
句子： 553
{}
{}
句子： 554
{}
{}
句子： 555
{}
{}
句子： 556
{}
++字形相似++
++字形相似++
{}
句子： 557
{}
++拼音一致++
++在混淆集1++
{}
句子： 558
{}
{}
句子： 559
{}
++在混淆集1++
{'过猛': '过猛'}
句子： 560
{}
{}
句子： 561
{}
{}
句子： 562
{}
{}
句子： 563
{}
{}
句子： 564
{}
{}
句子： 565
{}
{}
句子： 566
{}
{}
句子： 567
{}
++平翘舌不分++
++拼音一致++
{}
句子： 568
{}
++前后鼻不分++
++在混淆集1++
++拼音一致++
++字形相似++
{}
句子： 569
{}
{}
句子： 570
{}
{}
句子： 571
{}
++在混淆集1++
++在混淆集1++
{}
句子： 572
{}
++在混淆集1++
{}
句子： 573
{}
{}
句子： 574
{}
{}
句子： 575
{}
{}
句子： 576
{}
{}
句子： 577
{}
{}
句子： 578
{}
{}
句子： 579
{}
++拼音一致++
++在混淆集1++
{}
句子： 580
{}
{}
句子： 581
{}
{}
句子： 582
{}
++拼音一致++
++拼音一致++
++在混淆集1++
++在混淆集1++
++拼音一致++
++在混淆集1++
{}
句子： 583
{}
++字形相似++
{}
句子： 584
{}
++在混淆集1++
{}
句子： 585
{}
{}
句子： 586
{}
{}
句子： 587
{}
++拼音一致++
++拼音一致++
++拼音一致++
++拼音一致++
++拼音一致++
++在混淆集1++
++在混淆集1++
{}
句子： 588
{}
{}
句子： 589
{}
{}
句子： 590
{}
{}
句子： 591
{}
{}
句子： 592
{}
++在混淆集1++
{}
句子： 593
{}
{}
句子： 594
{}
{}
句子： 595
{}
++字形相似++
{}
句子： 596
{}
{}
句子： 597
{}
++在混淆集1++
++在混淆集1++
{}
句子： 598
{}
++拼音一致++
{}
句子： 599
++在混淆集1++
{}
{}
句子： 600
{}
{}
句子： 601
{}
{}
句子： 602
{}
{}
句子： 603
{}
{}
句子： 604
{}
{}
句子： 605
{}
{}
句子： 606
{}
{}
句子： 607
{}
++拼音一致++
++在混淆集1++
{}
句子： 608
{}
{}
句子： 609
{}
++在混淆集1++
{}
句子： 610
{}
++在混淆集1++
{}
句子： 611
{}
{}
句子： 612
{}
++拼音一致++
++拼音一致++
{}
句子： 613
++在混淆集1++
{}
++拼音一致++
{}
句子： 614
{}
++前后鼻不分++
++前后鼻不分++
++前后鼻不分++
{}
句子： 615
{}
++拼音一致++
++拼音一致++
++前后鼻不分++
++在混淆集1++
++字形相似++
++在混淆集1++
{}
句子： 616
{}
{}
句子： 617
{}
{}
句子： 618
{}
{}
句子： 619
{}
{}
句子： 620
{}
++拼音一致++
++在混淆集1++
{'撒向': '洒向'}
句子： 621
{}
++在混淆集1++
{}
句子： 622
{}
{}
句子： 623
{}
{}
句子： 624
{}
++拼音一致++
++在混淆集1++
++在混淆集1++
{}
句子： 625
{}
{}
句子： 626
{}
{}
句子： 627
{}
++拼音一致++
++拼音一致++
{}
句子： 628
{}
{}
句子： 629
{}
++在混淆集1++
{}
句子： 630
{}
{}
句子： 631
{}
{}
句子： 632
{}
{}
句子： 633
{}
{}
句子： 634
{}
{}
句子： 635
{}
{}
句子： 636
{}
{}
句子： 637
{}
{}
句子： 638
{}
{}
句子： 639
{}
++拼音一致++
++在混淆集1++
{}
句子： 640
++平翘舌不分++
{}
{}
句子： 641
{}
{}
句子： 642
{}
{}
句子： 643
{}
{}
句子： 644
{}
{}
句子： 645
{}
{}
句子： 646
{}
{}
句子： 647
{}
++拼音一致++
{}
句子： 648
{}
++在混淆集1++
++字形相似++
++字形相似++
++在混淆集1++
{}
句子： 649
{}
++拼音一致++
++在混淆集1++
++字形相似++
++在混淆集1++
{}
句子： 650
{}
{}
句子： 651
{}
{}
句子： 652
{}
{}
句子： 653
{}
{}
句子： 654
{}
{}
句子： 655
{}
{}
句子： 656
{}
{}
句子： 657
{}
{}
句子： 658
{}
{}
句子： 659
++字形相似++
++字形相似++
++字形相似++
++字形相似++
++字形相似++
++字形相似++
++字形相似++
++字形相似++
{}
{}
句子： 660
{}
{}
句子： 661
{}
{}
句子： 662
{}
{}
句子： 663
{}
{}
句子： 664
{}
{}
句子： 665
{}
{}
句子： 666
{}
++拼音一致++
{}
句子： 667
{}
++在混淆集1++
{}
句子： 668
{}
++在混淆集1++
++在混淆集1++
{}
句子： 669
{}
{}
句子： 670
{}
++拼音一致++
++在混淆集1++
{}
句子： 671
{}
++在混淆集1++
{'一木': '一木'}
句子： 672
{}
++字形相似++
++拼音一致++
{}
句子： 673
{}
{}
句子： 674
{}
++拼音一致++
++在混淆集1++
++在混淆集1++
++在混淆集1++
{}
============
春姑娘在河里洗了把脸。小溪淙淙地流着，传来了哗哗的响声。河水清澈见底，倒映着树木的影子，这就是“泉眼无声惜细流，树荫照水爱晴柔”吧。还有几条小鱼在水中游来游去，时而钻到水面上吐泡泡，时而潜到水底捉迷藏。
春姑娘在河里洗了把脸。小溪淙淙地流着，传来了哗哗的响声。河水清澈见底，倒映着树木的影子，这就是“泉眼无声惜细流，树阴照水爱晴柔”吧。还有几条小鱼在水中游来游去，时而钻到水面上吐泡泡，时而潜到水底捉迷藏。
春姑娘在河里洗了把脸。小溪淙淙地流着，传来了哗哗的响声。河水清澈见底，倒映着树木的影子，这就是“泉眼无声惜细流，树荫照水爱晴柔”吧。还有几条小鱼在水中游来游去，时而钻到水面上吐泡泡，时而潜到水底捉迷藏。
句子： 675
{}
{}
句子： 676
{}
{}
句子： 677
{}
++前后鼻不分++
++前后鼻不分++
++拼音一致++
{}
句子： 678
{}
{}
句子： 679
{}
{}
句子： 680
{}
{}
句子： 681
{}
{}
句子： 682
{}
++在混淆集1++
++拼音一致++
++在混淆集1++
++在混淆集1++
++前后鼻不分++
++在混淆集1++
{}
句子： 683
{}
{}
句子： 684
{}
++在混淆集1++
{}
句子： 685
{}
++在混淆集1++
{'如门': '如门'}
句子： 686
{}
{}
句子： 687
{}
++拼音一致++
++在混淆集1++
++在混淆集1++
++在混淆集1++
{}
句子： 688
{}
{}
句子： 689
{}
{}
句子： 690
++字形相似++
{}
{}
句子： 691
{}
++在混淆集1++
++在混淆集1++
{}
句子： 692
{}
++在混淆集1++
{}
句子： 693
{}
{}
句子： 694
{}
++拼音一致++
{}
句子： 695
{}
++在混淆集1++
++在混淆集1++
{}
句子： 696
{}
{}
句子： 697
{}
{}
句子： 698
{}
{}
句子： 699
{}
++在混淆集1++
{}
句子： 700
{}
{}
句子： 701
{}
{}
句子： 702
{}
{}
句子： 703
{}
++在混淆集1++
{}
句子： 704
{}
{}
句子： 705
{}
++在混淆集1++
{'辛福': '幸福'}
句子： 706
{}
{}
句子： 707
{}
{}
句子： 708
{}
++拼音一致++
++在混淆集1++
{'跌到': '跌倒'}
句子： 709
{}
{}
句子： 710
{}
++在混淆集1++
++在混淆集1++
++在混淆集1++
{}
句子： 711
{}
{}
句子： 712
{}
{}
句子： 713
{}
{}
句子： 714
++拼音一致++
{}
++拼音一致++
++拼音一致++
++在混淆集1++
{'舟行': '舟行'}
句子： 715
{}
{}
句子： 716
{}
{}
句子： 717
{}
{}
句子： 718
{}
++拼音一致++
++在混淆集1++
{}
句子： 719
{}
{}
句子： 720
{}
{}
句子： 721
{}
{}
句子： 722
{}
{}
句子： 723
{}
++拼音一致++
++在混淆集1++
++拼音一致++
{'平潭': '平潭', '时报': '时报'}
句子： 724
{}
{}
句子： 725
{}
{}
句子： 726
{}
{}
句子： 727
{}
{}
句子： 728
{}
{}
句子： 729
{}
++在混淆集1++
{}
句子： 730
++字形相似++
++字形相似++
++字形相似++
++字形相似++
{}
{}
句子： 731
{}
{}
句子： 732
{}
{}
句子： 733
{}
{}
句子： 734
{}
{}
句子： 735
{}
{}
句子： 736
{}
{}
句子： 737
{}
{}
句子： 738
{}
{}
句子： 739
{}
{}
句子： 740
{}
{}
句子： 741
{}
{}
句子： 742
{}
{}
句子： 743
{}
{}
句子： 744
{}
++在混淆集1++
{}
句子： 745
{}
++在混淆集1++
{}
句子： 746
{}
{}
句子： 747
{}
{}
句子： 748
{}
{}
句子： 749
{}
{}
句子： 750
{}
{}
句子： 751
{}
{}
句子：merge_es_process.py:180: DeprecationWarning: The 'body' parameter is deprecated for the 'search' API and will be removed in a future version. Instead use API parameters directly. See https://github.com/elastic/elasticsearch-py/issues/1698 for more information
  result = self.es.search(index="idom_v1", body=query, size=5)
merge_es_process.py:335: DeprecationWarning: The 'body' parameter is deprecated for the 'search' API and will be removed in a future version. Instead use API parameters directly. See https://github.com/elastic/elasticsearch-py/issues/1698 for more information
  result = self.es.search(index="ci_v4", body=query, size=50)
merge_es_process.py:96: DeprecationWarning: The 'body' parameter is deprecated for the 'search' API and will be removed in a future version. Instead use API parameters directly. See https://github.com/elastic/elasticsearch-py/issues/1698 for more information
  result = self.es.search(index="poem_v1", body=query, size=1)
 752
{}
{}
句子： 753
{}
{}
句子： 754
{}
{}
句子： 755
{}
{}
句子： 756
{}
{}
句子： 757
{}
++平翘舌不分++
{}
句子： 758
{}
{}
句子： 759
{}
{}
句子： 760
{}
++在混淆集1++
{}
句子： 761
{}
{}
句子： 762
{}
{}
句子： 763
{}
{}
句子： 764
{}
{}
句子： 765
{}
{}
句子： 766
{}
{}
句子： 767
{}
++在混淆集1++
{}
句子： 768
{}
{}
句子： 769
{}
{}
句子： 770
{}
{}
句子： 771
{}
{}
句子： 772
{}
{}
句子： 773
{}
++拼音一致++
{}
句子： 774
{}
{}
句子： 775
{}
{}
句子： 776
{}
{}
句子： 777
{}
{}
句子： 778
{}
{}
句子： 779
{}
++字形相似++
++在混淆集1++
{}
句子： 780
{}
{}
句子： 781
{}
{}
句子： 782
{}
{}
句子： 783
{}
{}
句子： 784
{}
{}
句子： 785
{}
{}
句子： 786
{}
{}
句子： 787
{}
{}
句子： 788
{}
{}
句子： 789
{}
{}
句子： 790
{}
{}
句子： 791
{}
{}
句子： 792
{}
{}
句子： 793
++在混淆集1++
++在混淆集1++
{}
{}
句子： 794
{}
{}
句子： 795
{}
{}
句子： 796
{}
{}
句子： 797
{}
{}
句子： 798
{}
{}
句子： 799
{}
{}
句子： 800
{}
{}
句子： 801
{}
{}
句子： 802
{}
{}
句子： 803
{}
{}
句子： 804
{}
{}
句子： 805
{}
{}
句子： 806
{}
{}
句子： 807
{}
++在混淆集1++
{}
句子： 808
{}
{}
句子： 809
{}
{}
句子： 810
{}
{}
句子： 811
{}
{}
句子： 812
{}
{}
句子： 813
{}
{}
句子： 814
{}
{}
句子： 815
{}
++在混淆集1++
{}
句子： 816
{}
{}
句子： 817
{}
{}
句子： 818
{}
{}
句子： 819
{}
{}
句子： 820
{}
{}
句子： 821
{}
{}
句子： 822
{}
{}
句子： 823
{}
{}
句子： 824
{}
{}
句子： 825
{}
++拼音一致++
++拼音一致++
++拼音一致++
{}
句子： 826
{}
{}
句子： 827
{}
{}
句子： 828
{}
{}
句子： 829
{}
{}
句子： 830
{}
{}
句子： 831
{}
{}
句子： 832
{}
{}
句子： 833
{}
++在混淆集1++
{'美到': '美的'}
句子： 834
{}
{}
句子： 835
{}
{}
句子： 836
{}
{}
句子： 837
{}
{}
句子： 838
{}
{}
句子： 839
{}
{}
句子： 840
{}
{}
句子： 841
{}
{}
句子： 842
{}
{}
句子： 843
{}
{}
句子： 844
{}
{}
句子： 845
{}
{}
句子： 846
{}
{}
句子： 847
{}
++在混淆集1++
{}
句子： 848
{}
{}
句子： 849
{}
{}
句子： 850
{}
{}
句子： 851
{}
{}
句子： 852
++拼音一致++
{}
{}
句子： 853
{}
{}
句子： 854
{}
{}
句子： 855
{}
{}
句子： 856
{}
{}
句子： 857
{}
{}
句子： 858
{}
{}
句子： 859
{}
{}
句子： 860
{}
{}
句子： 861
{}
{}
句子： 862
{}
{}
句子： 863
{}
{}
句子： 864
{}
++在混淆集1++
{}
句子： 865
{}
{}
句子： 866
{}
{}
句子： 867
{}
{}
句子： 868
{}
{}
句子： 869
++字形相似++
{}
{}
句子： 870
{}
{}
句子： 871
{}
{}
句子： 872
{}
{}
句子： 873
{}
{}
句子： 874
{}
{}
句子： 875
{}
{}
句子： 876
{}
{}
句子： 877
{}
++在混淆集1++
++在混淆集1++
{}
句子： 878
{}
++字形相似++
++字形相似++
{}
句子： 879
{}
{}
句子： 880
{}
{}
句子： 881
{}
{}
句子： 882
{}
{}
句子： 883
{}
{}
句子： 884
{}
{}
句子： 885
{}
{}
句子： 886
{}
{}
句子： 887
{}
{}
句子： 888
{}
{}
句子： 889
{}
{}
句子： 890
{}
{}
句子： 891
{}
{}
句子： 892
{}
{}
句子： 893
{}
{}
句子： 894
{}
{}
句子： 895
{}
{}
句子： 896
{}
{}
句子： 897
{}
{}
句子： 898
{}
{}
句子： 899
{}
{}
句子： 900
{}
{}
句子： 901
{}
{}
句子： 902
{}
{}
句子： 903
{}
{}
句子： 904
{}
{}
句子： 905
{}
{}
句子： 906
{}
{}
句子： 907
{}
{}
句子： 908
{}
{}
句子： 909
{}
{}
句子： 910
{}
{}
句子： 911
{}
{}
句子： 912
{}
{}
句子： 913
{}
{}
句子： 914
{}
{}
句子： 915
{}
{}
句子： 916
{}
{}
句子： 917
{}
{}
句子： 918
{}
{}
句子： 919
{}
{}
句子： 920
{}
{}
句子： 921
{}
{}
句子： 922
{}
{}
句子： 923
{}
{}
句子： 924
{}
++在混淆集1++
++在混淆集1++
{}
句子： 925
{}
{}
句子： 926
{}
{}
句子： 927
{}
{}
句子： 928
{}
{}
句子： 929
{}
{}
句子： 930
{}
{}
句子： 931
{}
{}
句子： 932
{}
{}
句子： 933
{}
{}
句子： 934
{}
{}
句子： 935
{}
{}
句子： 936
{}
{}
句子： 937
{}
{}
句子： 938
{}
++在混淆集1++
{}
句子： 939
{}
{}
句子： 940
{}
++拼音一致++
{}
句子： 941
{}
{}
句子： 942
{}
{}
句子： 943
{}
++在混淆集1++
++在混淆集1++
++在混淆集1++
{}
句子： 944
{}
{}
句子： 945
{}
{}
句子： 946
{}
{}
句子： 947
{}
{}
句子： 948
{}
{}
句子： 949
{}
{}
句子： 950
{}
++字形相似++
{}
句子： 951
{}
{}
句子： 952
{}
{}
句子： 953
{}
{}
句子： 954
{}
{}
句子： 955
{}
{}
句子： 956
{}
{}
句子： 957
{}
{}
句子： 958
{}
{}
句子： 959
{}
{}
句子： 960
{}
{}
句子： 961
{}
{}
句子： 962
{}
{}
句子： 963
{}
{}
句子： 964
{}
++在混淆集1++
++在混淆集1++
{}
句子： 965
{}
++拼音一致++
++在混淆集1++
{}
句子： 966
{}
{}
句子： 967
{}
{}
句子： 968
{}
{}
句子： 969
{}
{}
句子： 970
{}
{}
句子： 971
{}
{}
句子： 972
{}
{}
句子： 973
{}
{}
句子： 974
{}
{}
句子： 975
{}
++在混淆集1++
++在混淆集1++
{}
句子： 976
{}
{}
句子： 977
{}
{}
句子： 978
{}
{}
句子： 979
{}
++拼音一致++
++拼音一致++
++拼音一致++
++拼音一致++
{}
句子： 980
{}
{}
句子： 981
{}
++拼音一致++
++拼音一致++
++在混淆集1++
{}
句子： 982
{}
{}
句子： 983
{}
{}
句子： 984
{}
{}
句子： 985
{}
{}
句子： 986
{}
{}
句子： 987
{}
{}
句子： 988
{}
{}
句子： 989
{}
{}
句子： 990
{}
{}
句子： 991
{}
{}
句子： 992
{}
{}
句子： 993
{}
{}
句子： 994
{}
{}
句子： 995
{}
{}
句子： 996
{}
{}
句子： 997
{}
{}
句子： 998
{}
{}
句子： 999
{}
{}
句子： 1000
{}
{}
句子： 1001
{}
{}
句子： 1002
{}
{}
句子： 1003
{}
{}
句子： 1004
{}
{}
句子： 1005
{}
{}
句子： 1006
{}
{}
句子： 1007
{}
++拼音一致++
{'山角': '山脚'}
句子： 1008
{}
++拼音一致++
{}
句子： 1009
{}
{}
句子： 1010
{}
{}
句子： 1011
{}
++拼音一致++
++拼音一致++
{}
句子： 1012
{}
++在混淆集1++
{}
句子： 1013
{}
{}
句子： 1014
{}
{}
句子： 1015
{}
++拼音一致++
++拼音一致++
{'彤红': '通红', '坚难': '艰难'}
句子： 1016
{}
{}
句子： 1017
{}
{}
句子： 1018
{}
{}
句子： 1019
{}
{}
句子： 1020
{}
{}
句子： 1021
{}
++在混淆集1++
{}
句子： 1022
{}
{}
句子： 1023
{}
{}
