spell_slm model load success !!
句子： 0
++拼音一致++
{'琳瑯满目': '琳琅满目'}
============
教室的黑板，充满著老师用心良苦的笔记，也有著琳瑯满目的缺交名单，有的是干净整齐；有的是棱乱无比。
教室的黑板，充满著老师用心良苦的笔记，也有著琳琅满目的缺交名单，有的是干净整齐；有的是棱乱无比。
教室的黑板，充满著老师用心良苦的笔记，也有著琳瑯满目的缺交名单，有的是干净整齐；有的是凌乱无比。
句子： 1
++在混淆集1++
{}
句子： 2
++拼音一致++
++拼音一致++
{'无动余中': '无动于中', '新血来潮': '心血来潮'}
============
刚开始我没有打算参加，直到有一天因为离评分时间快要到了，可是进度却大大落后，大家也都无动余中，所以我新血来潮的想来帮忙，忙著忙著大家都忘了时间，光阴似箭，等大家布制完后已经六点快半了。
刚开始我没有打算参加，直到有一天因为离评分时间快要到了，可是进度却大大落后，大家也都无动于中，所以我心血来潮的想来帮忙，忙著忙著大家都忘了时间，光阴似箭，等大家布制完后已经六点快半了。
刚开始我没有打算参加，直到有一天因为离评分时间快要到了，可是进度却大大落后，大家也都无动余衷，所以我心血来潮的想来帮忙，忙著忙著大家都忘了时间，光阴似箭，等大家布置完后已经六点快半了。
句子： 3
++拼音一致++
++在混淆集1++
{'谆谆教悔': '谆谆教诲', '悲观离合': '悲欢离合'}
============
教室里处处充满发现、惊奇、人情，或是同学的嬉笑怒骂，师长的谆谆教悔，毕业时的悲观离合，这七彩般的心情填满了教室里的每个角落，教室里的每一隅都可发现，或是一个前所未有的体认。
教室里处处充满发现、惊奇、人情，或是同学的嬉笑怒骂，师长的谆谆教诲，毕业时的悲欢离合，这七彩般的心情填满了教室里的每个角落，教室里的每一隅都可发现，或是一个前所未有的体认。
教室里处处充满发现、惊奇、人情，或是同学的嬉笑怒骂，师长的谆谆教诲，毕业时的悲观离合，这七彩般的心情填满了教室里的每个角落，教室里的每一隅都可发现，或是一个前所未有的体认。
句子： 4
++拼音一致++
{'飘浮不定': '漂浮不定'}
============
是不是在心中你有一个可以「带」你走的对的方向？对我来说，是有点飘浮不定的，常常去思考人生的方向和意议，可能得到结果，或者并未找出方向，这就要用心的努力思考。
是不是在心中你有一个可以「带」你走的对的方向？对我来说，是有点漂浮不定的，常常去思考人生的方向和意议，可能得到结果，或者并未找出方向，这就要用心的努力思考。
是不是在心中你有一个可以「带」你走的对的方向？对我来说，是有点飘浮不定的，常常去思考人生的方向和意义，可能得到结果，或者并未找出方向，这就要用心的努力思考。
句子： 5
++在混淆集1++
{'自己已后': '自今已后'}
============
想到了你要去做的方向，但不知道自己已后会不会后悔，所以一定要选择、把握好方向，不会后悔。
想到了你要去做的方向，但不知道自今已后会不会后悔，所以一定要选择、把握好方向，不会后悔。
想到了你要去做的方向，但不知道自己以后会不会后悔，所以一定要选择、把握好方向，不会后悔。
句子： 6
++拼音一致++
{'所做所为': '所作所为'}
============
曾看过一篇文章，人死前，回头想想自己过去的所做所为，如果没帮住任何人，那便是白死了。人的心就像这篇文章作者一样，要为了热心为主，俗话说：「助人为快乐之本。」也是这个道理。心的方向应往别人找想，而不是为了自己。
曾看过一篇文章，人死前，回头想想自己过去的所作所为，如果没帮住任何人，那便是白死了。人的心就像这篇文章作者一样，要为了热心为主，俗话说：「助人为快乐之本。」也是这个道理。心的方向应往别人找想，而不是为了自己。
曾看过一篇文章，人死前，回头想想自己过去的所做所为，如果没帮助任何人，那便是白死了。人的心就像这篇文章作者一样，要为了热心为主，俗话说：「助人为快乐之本。」也是这个道理。心的方向应往别人著想，而不是为了自己。
句子： 7
{}
句子： 8
{}
句子： 9
{}
句子： 10
{}
句子： 11
{}
句子： 12
++拼音一致++
{'不同凡想': '不同凡响'}
句子： 13
{}
句子： 14
{}
句子： 15
{}
句子： 16
{}
句子： 17
{}
句子： 18
{}
句子： 19
{}
句子： 20
{}
句子： 21
{}
句子： 22
{}
句子： 23
++拼音一致++
++拼音一致++
++在混淆集1++
++在混淆集1++
++在混淆集1++
{'自暴自气': '自暴自弃'}
句子： 24
{}
句子： 25
{}
句子： 26
++拼音一致++
{'安然无样': '安然无恙'}
句子： 27
{}
句子： 28
{}
句子： 29
{}
句子： 30
{}
句子： 31
{}
句子： 32
{}
句子： 33
{}
句子： 34
{}
句子： 35
{}
句子： 36
{}
句子： 37
{}
句子： 38
++拼音一致++
{'脱影而出': '脱颖而出'}
句子： 39
{}
句子： 40
{}
句子： 41
{}
句子： 42
{}
句子： 43
{}
句子： 44
{}
句子： 45
{}
句子： 46
{}
句子： 47
{}
句子： 48
{}
句子： 49
{}
句子： 50
++拼音一致++
{'块炙人口': '脍炙人口'}
句子： 51
{}
句子： 52
{}
句子： 53
{}
句子： 54
{}
句子： 55
{}
句子： 56
{}
句子： 57
{}
句子： 58
{}
句子： 59
++拼音一致++
{'发阳光大': '发扬光大'}
句子： 60
{}
句子： 61
{}
句子： 62
{}
句子： 63
{}
句子： 64
{}
句子： 65
{}
句子： 66
{}
句子： 67
{}
句子： 68
++拼音一致++
{}
句子： 69
++在混淆集1++
{}
句子： 70
{}
句子： 71
{}
句子： 72
{}
句子： 73
{}
句子： 74
{}
句子： 75
{}
句子： 76
{}
句子： 77
{}
句子： 78
{}
句子： 79
{}
句子： 80
{}
句子： 81
{}
句子： 82
{}
句子： 83
{}
句子： 84
{}
句子： 85
{}
句子： 86
++在混淆集1++
{'不尽其数': '不计其数'}
句子： 87
{}
句子： 88
{}
句子： 89
++在混淆集1++
{'不屈不侥': '不屈不挠'}
句子： 90
{}
句子： 91
{}
句子： 92
{}
句子： 93
{}
句子： 94
{}
句子： 95
{}
句子： 96
{}
句子： 97
{}
句子： 98
{}
句子： 99
{}
句子： 100
++拼音一致++
{'忘自菲薄': '妄自菲薄'}
句子： 101
{}
句子： 102
{}
句子： 103
{}
句子： 104
{}
句子： 105
{}
句子： 106
{}
句子： 107
{}
句子： 108
{}
句子： 109
{}
句子： 110
++拼音一致++
{'风功伟业': '丰功伟业'}
句子： 111
{}
句子： 112
{}
句子： 113
{}
句子： 114
{}
句子： 115
{}
句子： 116
{}
句子： 117
{}
句子： 118
{}
句子： 119
{}
句子： 120
{}
句子： 121
{}
句子： 122
{}
句子： 123
{}
句子： 124
{}
句子： 125
{}
句子： 126
{}
句子： 127
{}
句子： 128
++字形相似++
++字形相似++
{}
句子： 129
{}
句子： 130
++拼音一致++
{'异想不到': '意想不到'}
句子： 131
{}
句子： 132
{}
句子： 133
{}
句子： 134
{}
句子： 135
{}
句子： 136
{}
句子： 137
{}
句子： 138
{}
句子： 139
{}
句子： 140
{}
句子： 141
{}
句子： 142
{}
句子： 143
{}
句子： 144
{}
句子： 145
{}
句子： 146
{}
句子： 147
{}
句子： 148
{}
句子： 149
{}
句子： 150
{}
句子： 151
{}
句子： 152
{}
句子： 153
{}
句子： 154
{}
句子： 155
{}
句子： 156
{}
句子： 157
{}
句子： 158
{}
句子： 159
{}
句子： 160
{}
句子： 161
++在混淆集1++
{}
句子： 162
{}
句子： 163
{}
句子： 164
{}
句子： 165
{}
句子： 166
{}
句子： 167
{}
句子： 168
{}
句子： 169
{}
句子： 170
{}
句子： 171
{}
句子： 172
{}
句子： 173
{}
句子： 174
{}
句子： 175
{}
句子： 176
{}
句子： 177
{}
句子： 178
{}
句子： 179
{}
句子： 180
{}
句子： 181
{}
句子： 182
++拼音一致++
{'乌烟胀气': '乌烟瘴气'}
句子： 183
{}
句子： 184
{}
句子： 185
++拼音一致++
++拼音一致++
{'再接再励': '再接再厉'}
句子： 186
{}
句子： 187
++拼音一致++
{'喜上梅梢': '喜上眉梢'}
句子： 188
{}
句子： 189
{}
句子： 190
{}
句子： 191
++在混淆集1++
++在混淆集1++
++字形相似++
++在混淆集1++
++在混淆集1++
{}
句子： 192
{}
句子： 193
{}
句子： 194
{}
句子： 195
{}
句子： 196
{}
句子： 197
{}
句子： 198
{}
句子： 199
{}
句子： 200
{}
句子： 201
{}
句子： 202
{}
句子： 203
++在混淆集1++
{'众所曙目': '众所瞩目'}
句子： 204
++平翘舌不分++
{}
句子： 205
{}
句子： 206
{}
句子： 207
++拼音一致++
{'琳瑯满目': '琳琅满目'}
============
教室的黑板，充满著老师用心良苦的笔记，也有著琳瑯满目的缺交名单，有的是干净整齐；有的是棱乱无比。
教室的黑板，充满著老师用心良苦的笔记，也有著琳琅满目的缺交名单，有的是干净整齐；有的是棱乱无比。
教室的黑板，充满著老师用心良苦的笔记，也有著琳瑯满目的缺交名单，有的是干净整齐；有的是凌乱无比。
句子： 208
{}
句子： 209
{}
句子： 210
{}
句子： 211
{}
句子： 212
{}
句子： 213
++拼音一致++
++拼音一致++
{'再接再励': '再接再厉'}
句子： 214
{}
句子： 215
{}
句子： 216
{}
句子： 217
{}
句子： 218
{}
句子： 219
{}
句子： 220
{}
句子： 221
{}
句子： 222
{}
句子： 223
{}
句子： 224
{}
句子： 225
{}
句子： 226
{}
句子： 227
{}
句子： 228
{}
句子： 229
{}
句子： 230
{}
句子： 231
{}
句子： 232
++在混淆集1++
++在混淆集1++
{}
句子： 233
{}
句子： 234
{}
句子： 235
{}
句子： 236
{}
句子： 237
{}
句子： 238
{}
句子： 239
++在混淆集1++
{}
句子： 240
{}
句子： 241
++在混淆集1++
{}
句子： 242
{}
句子： 243
++拼音一致++
{'取而带之': '取而代之'}
句子： 244
{}
句子： 245
{}
句子： 246
++拼音一致++
++拼音一致++
{'无动余中': '无动于中', '新血来潮': '心血来潮'}
============
刚开始我没有打算参加，直到有一天因为离评分时间快要到了，可是进度却大大落后，大家也都无动余中，所以我新血来潮的想来帮忙，忙著忙著大家都忘了时间，光阴似箭，等大家布制完后已经六点快半了。
刚开始我没有打算参加，直到有一天因为离评分时间快要到了，可是进度却大大落后，大家也都无动于中，所以我心血来潮的想来帮忙，忙著忙著大家都忘了时间，光阴似箭，等大家布制完后已经六点快半了。
刚开始我没有打算参加，直到有一天因为离评分时间快要到了，可是进度却大大落后，大家也都无动余衷，所以我心血来潮的想来帮忙，忙著忙著大家都忘了时间，光阴似箭，等大家布置完后已经六点快半了。
句子： 247
++拼音一致++
{'如释重附': '如释重负'}
句子： 248
{}
句子： 249
{}
句子： 250
{}
句子： 251
{}
句子： 252
{}
句子： 253
++字形相似++
{}
句子： 254
{}
句子： 255
++拼音一致++
{}
句子： 256
++在混淆集1++
{}
句子： 257
{}
句子： 258
{}
句子： 259
{}
句子： 260
{}
句子： 261
{}
句子： 262
{}
句子： 263
{}
句子： 264
{}
句子： 265
{}
句子： 266
{}
句子： 267
{}
句子： 268
{}
句子： 269
{}
句子： 270
{}
句子： 271
++拼音一致++
{'息息想关': '息息相关'}
句子： 272
{}
句子： 273
{}
句子： 274
{}
句子： 275
{}
句子： 276
{}
句子： 277
{}
句子： 278
{}
句子： 279
{}
句子： 280
{}
句子： 281
{}
句子： 282
{}
句子： 283
{}
句子： 284
{}
句子： 285
{}
句子： 286
{}
句子： 287
{}
句子： 288
{}
句子： 289
{}
句子： 290
{}
句子： 291
++在混淆集1++
{}
句子： 292
{}
句子： 293
{}
句子： 294
{}
句子： 295
{}
句子： 296
{}
句子： 297
{}
句子： 298
{}
句子： 299
{}
句子： 300
{}
句子： 301
++拼音一致++
++在混淆集1++
{'谆谆教悔': '谆谆教诲', '悲观离合': '悲欢离合'}
============
教室里处处充满发现、惊奇、人情，或是同学的嬉笑怒骂，师长的谆谆教悔，毕业时的悲观离合，这七彩般的心情填满了教室里的每个角落，教室里的每一隅都可发现，或是一个前所未有的体认。
教室里处处充满发现、惊奇、人情，或是同学的嬉笑怒骂，师长的谆谆教诲，毕业时的悲欢离合，这七彩般的心情填满了教室里的每个角落，教室里的每一隅都可发现，或是一个前所未有的体认。
教室里处处充满发现、惊奇、人情，或是同学的嬉笑怒骂，师长的谆谆教诲，毕业时的悲观离合，这七彩般的心情填满了教室里的每个角落，教室里的每一隅都可发现，或是一个前所未有的体认。
句子： 302
{}
句子： 303
++在混淆集1++
{'破烂不碪': '破烂不堪'}
句子： 304
{}
句子： 305
{}
句子： 306
{}
句子： 307
{}
句子： 308
{}
句子： 309
{}
句子： 310
{}
句子： 311
{}
句子： 312
{}
句子： 313
{}
句子： 314
{}
句子： 315
{}
句子： 316
{}
句子： 317
{}
句子： 318
{}
句子： 319
{}
句子： 320
{}
句子： 321
++字形相似++
++字形相似++
++字形相似++
++字形相似++
{}
句子： 322
++字形相似++
++字形相似++
++字形相似++
++字形相似++
++字形相似++
++在混淆集1++
++字形相似++
++在混淆集1++
++字形相似++
{}
句子： 323
{}
句子： 324
{}
句子： 325
{}
句子： 326
{}
句子： 327
{}
句子： 328
{}
句子： 329
{}
句子： 330
{}
句子： 331
{}
句子： 332
{}
句子： 333
{}
句子： 334
{}
句子： 335
{}
句子： 336
{}
句子： 337
{}
句子： 338
{}
句子： 339
{}
句子： 340
{}
句子： 341
{}
句子： 342
{}
句子： 343
{}
句子： 344
{}
句子： 345
{}
句子： 346
{}
句子： 347
++拼音一致++
++在混淆集1++
{'波涛凶涌': '波涛汹涌'}
句子： 348
{}
句子： 349
{}
句子： 350
{}
句子： 351
{}
句子： 352
{}
句子： 353
{}
句子： 354
{}
句子： 355
++拼音一致++
{'意尤未尽': '意犹未尽'}
句子： 356
{}
句子： 357
{}
句子： 358
{}
句子： 359
{}
句子： 360
{}
句子： 361
{}
句子： 362
{}
句子： 363
{}
句子： 364
{}
句子： 365
{}
句子： 366
{}
句子： 367
{}
句子： 368
{}
句子： 369
{}
句子： 370
{}
句子： 371
{}
句子： 372
{}
句子： 373
{}
句子： 374
{}
句子： 375
{}
句子： 376
{}
句子： 377
{}
句子： 378
{}
句子： 379
{}
句子： 380
{}
句子： 381
{}
句子： 382
{}
句子： 383
{}
句子： 384
{}
句子： 385
{}
句子： 386
{}
句子： 387
{}
句子： 388
{}
句子： 389
++拼音一致++
++拼音一致++
{'认劳任怨': '任劳任怨'}
句子： 390
++在混淆集1++
++在混淆集1++
{}
句子： 391
++拼音一致++
{'癈尽心思': '费尽心思'}
句子： 392
{}
句子： 393
{}
句子： 394
{}
句子： 395
{}
句子： 396
{}
句子： 397
{}
句子： 398
{}
句子： 399
{}
句子： 400
{}
句子： 401
{}
句子： 402
{}
句子： 403
{}
句子： 404
{}
句子： 405
{}
句子： 406
++在混淆集1++
{'裁然不同': '截然不同'}
句子： 407
{}
句子： 408
++拼音一致++
{'分道阳镳': '分道扬镳'}
句子： 409
{}
句子： 410
{}
句子： 411
{}
句子： 412
{}
句子： 413
{}
句子： 414
{}
句子： 415
{}
句子： 416
{}
句子： 417
{}
句子： 418
{}
句子： 419
{}
句子： 420
{}
句子： 421
{}
句子： 422
{}
句子： 423
{}
句子： 424
{}
句子： 425
{}
句子： 426
{}
句子： 427
{}
句子： 428
{}
句子： 429
{}
句子： 430
{}
句子： 431
{}
句子： 432
{}
句子： 433
{}
句子： 434
{}
句子： 435
{}
句子： 436
{}
句子： 437
{}
句子： 438
{}
句子： 439
++拼音一致++
{'相辅相承': '相辅相成'}
句子： 440
{}
句子： 441
++在混淆集1++
{'回然不同': '迥然不同'}
句子： 442
{}
句子： 443
{}
句子： 444
{}
句子： 445
{}
句子： 446
{}
句子： 447
{}
句子： 448
{}
句子： 449
{}
句子： 450
{}
句子： 451
{}
句子： 452
{}
句子： 453
{}
句子： 454
{}
句子： 455
++拼音一致++
{'徒劳无工': '徒劳无功'}
句子： 456
{}
句子： 457
{}
句子： 458
++拼音一致++
{'融会灌通': '融会贯通'}
句子： 459
{}
句子： 460
{}
句子： 461
{}
句子： 462
{}
句子： 463
{}
句子： 464
{}
句子： 465
{}
句子： 466
{}
句子： 467
{}
句子： 468
{}
句子： 469
++拼音一致++
{'亡羊补劳': '亡羊补牢'}
句子： 470
{}
句子： 471
{}
句子： 472
++拼音一致++
{'轻举忘动': '轻举妄动'}
句子： 473
{}
句子： 474
{}
句子： 475
++拼音一致++
++在混淆集1++
{'自甘坠落': '自甘堕落'}
句子： 476
{}
句子： 477
{}
句子： 478
{}
句子： 479
{}
句子： 480
++拼音一致++
{'悔不当出': '悔不当初'}
句子： 481
{}
句子： 482
{}
句子： 483
{}
句子： 484
{}
句子： 485
{}
句子： 486
++拼音一致++
{'无优无虑': '无忧无虑'}
句子： 487
{}
句子： 488
{}
句子： 489
{}
句子： 490
{}
句子： 491
{}
句子： 492
{}
句子： 493
{}
句子： 494
{}
句子： 495
{}
句子： 496
{}
句子： 497
{}
句子： 498
{}
句子： 499
{}
句子： 500
{}
句子： 501
{}
句子： 502
{}
句子： 503
{}
句子： 504
{}
句子： 505
{}
句子： 506
{}
句子： 507
{}
句子： 508
{}
句子： 509
{}
句子： 510
{}
句子： 511
{}
句子： 512
{}
句子： 513
{}
句子： 514
{}
句子： 515
{}
句子： 516
{}
句子： 517
{}
句子： 518
{}
句子： 519
{}
句子： 520
{}
句子： 521
{}
句子： 522
{}
句子： 523
{}
句子： 524
{}
句子： 525
{}
句子： 526
{}
句子： 527
{}
句子： 528
{}
句子： 529
{}
句子： 530
{}
句子： 531
{}
句子： 532
++字形相似++
++在混淆集1++
{}
句子： 533
{}
句子： 534
{}
句子： 535
{}
句子： 536
++拼音一致++
{'见仁见志': '见仁见智'}
句子： 537
{}
句子： 538
{}
句子： 539
{}
句子： 540
{}
句子： 541
{}
句子： 542
{}
句子： 543
++拼音一致++
++拼音一致++
{}
句子： 544
{}
句子： 545
{}
句子： 546
{}
句子： 547
{}
句子： 548
{}
句子： 549
{}
句子： 550
{}
句子： 551
{}
句子： 552
{}
句子： 553
{}
句子： 554
{}
句子： 555
{}
句子： 556
{}
句子： 557
++拼音一致++
{'慌然大悟': '恍然大悟'}
句子： 558
++拼音一致++
{'明辨事非': '明辨是非'}
句子： 559
{}
句子： 560
{}
句子： 561
{}
句子： 562
{}
句子： 563
{}
句子： 564
{}
句子： 565
{}
句子： 566
++拼音一致++
{'误入其途': '误入歧途'}
句子： 567
{}
句子： 568
{}
句子： 569
++拼音一致++
{'令眼相看': '另眼相看'}
句子： 570
{}
句子： 571
{}
句子： 572
{}
句子： 573
{}
句子： 574
{}
句子： 575
{}
句子： 576
{}
句子： 577
{}
句子： 578
{}
句子： 579
{}
句子： 580
++拼音一致++
{'聪明才志': '聪明才智'}
句子： 581
{}
句子： 582
{}
句子： 583
{}
句子： 584
{}
句子： 585
{}
句子： 586
{}
句子： 587
{}
句子： 588
{}
句子： 589
{}
句子： 590
{}
句子： 591
{}
句子： 592
++拼音一致++
{'后悔寞及': '后悔莫及'}
句子： 593
{}
句子： 594
++在混淆集1++
{}
句子： 595
{}
句子： 596
{}
句子： 597
{}
句子： 598
{}
句子： 599
{}
句子： 600
{}
句子： 601
{}
句子： 602
{}
句子： 603
{}
句子： 604
{}
句子： 605
{}
句子： 606
{}
句子： 607
++拼音一致++
{'无影无纵': '无影无踪'}
句子： 608
++拼音一致++
{'愤发向上': '奋发向上'}
句子： 609
{}
句子： 610
++拼音一致++
++拼音一致++
{'金壁辉煌': '金碧辉煌'}
句子： 611
{}
句子： 612
{}
句子： 613
++在混淆集1++
{'恫然不同': '迥然不同'}
句子： 614
{}
句子： 615
{}
句子： 616
++拼音一致++
{'临阵磨鎗': '临阵磨枪'}
句子： 617
++拼音一致++
{'如愿以尝': '如愿以偿'}
句子： 618
++拼音一致++
{'永往直前': '勇往直前'}
句子： 619
++拼音一致++
{'永往直前': '勇往直前'}
句子： 620
++在混淆集1++
{}
句子： 621
{}
句子： 622
{}
句子： 623
++拼音一致++
{'半途而费': '半途而废'}
句子： 624
{}
句子： 625
{}
句子： 626
{}
句子： 627
{}
句子： 628
{}
句子： 629
{}
句子： 630
{}
句子： 631
{}
句子： 632
{}
句子： 633
++在混淆集1++
{}
句子： 634
{}
句子： 635
{}
句子： 636
{}
句子： 637
{}
句子： 638
{}
句子： 639
++在混淆集1++
{'勇住直前': '勇往直前'}
句子： 640
{}
句子： 641
{}
句子： 642
{}
句子： 643
{}
句子： 644
{}
句子： 645
{}
句子： 646
++在混淆集1++
{}
句子： 647
{}
句子： 648
{}
句子： 649
{}
句子： 650
{}
句子： 651
{}
句子： 652
{}
句子： 653
{}
句子： 654
{}
句子： 655
{}
句子： 656
{}
句子： 657
{}
句子： 658
{}
句子： 659
{}
句子： 660
++拼音一致++
{'误入崎途': '误入歧途'}
句子： 661
{}
句子： 662
{}
句子： 663
{}
句子： 664
{}
句子： 665
++拼音一致++
{'半途而费': '半途而废'}
句子： 666
{}
句子： 667
{}
句子： 668
{}
句子： 669
{}
句子： 670
++拼音一致++
{'半途而癈': '半途而废'}
句子： 671
{}
句子： 672
{}
句子： 673
{}
句子： 674
{}
句子： 675
++拼音一致++
{'误入其途': '误入歧途'}
句子： 676
++拼音一致++
{'轻而一举': '轻而易举'}
句子： 677
{}
句子： 678
{}
句子： 679
{}
句子： 680
{}
句子： 681
++拼音一致++
{'名列前矛': '名列前茅'}
句子： 682
{}
句子： 683
{}
句子： 684
++拼音一致++
{'误入岐途': '误入歧途'}
句子： 685
{}
句子： 686
{}
句子： 687
{}
句子： 688
{}
句子： 689
{}
句子： 690
{}
句子： 691
{}
句子： 692
{}
句子： 693
{}
句子： 694
{}
句子： 695
{}
句子： 696
{}
句子： 697
{}
句子： 698
{}
句子： 699
{}
句子： 700
{}
句子： 701
{}
句子： 702
{}
句子： 703
{}
句子： 704
++拼音一致++
++在混淆集1++
++在混淆集1++
{'持之以衡': '持之以恒'}
句子： 705
{}
句子： 706
{}
句子： 707
{}
句子： 708
{}
句子： 709
++在混淆集1++
++在混淆集1++
{}
句子： 710
{}
句子： 711
{}
句子： 712
{}
句子： 713
{}
句子： 714
{}
句子： 715
++拼音一致++
{'飘浮不定': '漂浮不定'}
============
是不是在心中你有一个可以「带」你走的对的方向？对我来说，是有点飘浮不定的，常常去思考人生的方向和意议，可能得到结果，或者并未找出方向，这就要用心的努力思考。
是不是在心中你有一个可以「带」你走的对的方向？对我来说，是有点漂浮不定的，常常去思考人生的方向和意议，可能得到结果，或者并未找出方向，这就要用心的努力思考。
是不是在心中你有一个可以「带」你走的对的方向？对我来说，是有点飘浮不定的，常常去思考人生的方向和意义，可能得到结果，或者并未找出方向，这就要用心的努力思考。
句子： 716
{}
句子： 717
{}
句子： 718
{}
句子： 719
{}
句子： 720
{}
句子： 721
++拼音一致++
{'出人投地': '出人头地'}
句子： 722
++拼音一致++
{'误入岐途': '误入歧途'}
句子： 723
{}
句子： 724
{}
句子： 725
{}
句子： 726
{}
句子： 727
{}
句子： 728
{}
句子： 729
{}
句子： 730
{}
句子： 731
{}
句子： 732
{}
句子： 733
++字形相似++
++字形相似++
{}
句子： 734
++拼音一致++
{'误入歧徒': '误入歧途'}
句子： 735
{}
句子： 736
{}
句子： 737
{}
句子： 738
++在混淆集1++
{'自己已后': '自今已后'}
============
想到了你要去做的方向，但不知道自己已后会不会后悔，所以一定要选择、把握好方向，不会后悔。
想到了你要去做的方向，但不知道自今已后会不会后悔，所以一定要选择、把握好方向，不会后悔。
想到了你要去做的方向，但不知道自己以后会不会后悔，所以一定要选择、把握好方向，不会后悔。
merge_es_process.py:180: DeprecationWarning: The 'body' parameter is deprecated for the 'search' API and will be removed in a future version. Instead use API parameters directly. See https://github.com/elastic/elasticsearch-py/issues/1698 for more information
  result = self.es.search(index="idom_v1", body=query, size=5)
句子： 739
++拼音一致++
{'半途而费': '半途而废'}
句子： 740
{}
句子： 741
{}
句子： 742
{}
句子： 743
{}
句子： 744
{}
句子： 745
{}
句子： 746
{}
句子： 747
{}
句子： 748
{}
句子： 749
{}
句子： 750
{}
句子： 751
{}
句子： 752
++拼音一致++
{'所做所为': '所作所为'}
============
曾看过一篇文章，人死前，回头想想自己过去的所做所为，如果没帮住任何人，那便是白死了。人的心就像这篇文章作者一样，要为了热心为主，俗话说：「助人为快乐之本。」也是这个道理。心的方向应往别人找想，而不是为了自己。
曾看过一篇文章，人死前，回头想想自己过去的所作所为，如果没帮住任何人，那便是白死了。人的心就像这篇文章作者一样，要为了热心为主，俗话说：「助人为快乐之本。」也是这个道理。心的方向应往别人找想，而不是为了自己。
曾看过一篇文章，人死前，回头想想自己过去的所做所为，如果没帮助任何人，那便是白死了。人的心就像这篇文章作者一样，要为了热心为主，俗话说：「助人为快乐之本。」也是这个道理。心的方向应往别人著想，而不是为了自己。
句子： 753
{}
句子： 754
++拼音一致++
++拼音一致++
++拼音一致++
{'披茎斩棘': '披荆斩棘', '将心彼心': '将心比心'}
句子： 755
{}
句子： 756
{}
句子： 757
{}
句子： 758
{}
句子： 759
++拼音一致++
{'半途而费': '半途而废'}
句子： 760
++拼音一致++
{'永往直前': '勇往直前'}
句子： 761
{}
句子： 762
{}
句子： 763
{}
句子： 764
{}
句子： 765
{}
句子： 766
++在混淆集1++
{}
句子： 767
{}
句子： 768
{}
句子： 769
{}
句子： 770
{}
句子： 771
{}
句子： 772
{}
句子： 773
++拼音一致++
{'犹遇不决': '犹豫不决'}
句子： 774
{}
句子： 775
{}
句子： 776
{}
句子： 777
{}
句子： 778
{}
句子： 779
{}
句子： 780
{}
句子： 781
{}
句子： 782
++拼音一致++
{'误入崎途': '误入歧途'}
句子： 783
{}
句子： 784
++在混淆集1++
{'孤落寡闻': '孤陋寡闻'}
句子： 785
{}
句子： 786
{}
句子： 787
++在混淆集1++
++在混淆集1++
{'玩秽愒日': '玩岁愒日'}
句子： 788
{}
句子： 789
{}
句子： 790
{}
句子： 791
{}
句子： 792
{}
句子： 793
{}
句子： 794
{}
句子： 795
++拼音一致++
{'毫啕大哭': '嚎啕大哭'}
句子： 796
{}
句子： 797
{}
句子： 798
{}
句子： 799
{}
句子： 800
{}
句子： 801
{}
句子： 802
{}
句子： 803
{}
句子： 804
{}
句子： 805
{}
句子： 806
{}
句子： 807
{}
句子： 808
{}
句子： 809
{}
句子： 810
++拼音一致++
{'波涛凶涌': '波涛汹涌'}
句子： 811
{}
句子： 812
{}
句子： 813
{}
句子： 814
{}
句子： 815
{}
句子： 816
{}
句子： 817
{}
句子： 818
{}
句子： 819
++拼音一致++
{'自干堕落': '自甘堕落'}
句子： 820
{}
句子： 821
{}
句子： 822
{}
句子： 823
{}
句子： 824
{}
句子： 825
{}
句子： 826
{}
句子： 827
{}
句子： 828
{}
句子： 829
{}
句子： 830
{}
句子： 831
{}
句子： 832
{}
句子： 833
{}
句子： 834
{}
句子： 835
++在混淆集1++
{'学以自用': '学以致用'}
句子： 836
{}
句子： 837
++在混淆集1++
{'深思憝虑': '深思熟虑'}
句子： 838
{}
句子： 839
{}
句子： 840
{}
句子： 841
++拼音一致++
{'犹预不决': '犹豫不决'}
句子： 842
++拼音一致++
{'一踏糊涂': '一塌糊涂'}
句子： 843
{}
句子： 844
++字形相似++
{}
句子： 845
{}
句子： 846
{}
句子： 847
++拼音一致++
{'误入其途': '误入歧途'}
句子： 848
{}
句子： 849
++拼音一致++
{'误入其途': '误入歧途'}
句子： 850
{}
句子： 851
{}
句子： 852
{}
句子： 853
++拼音一致++
{'出呼意料': '出乎意料'}
句子： 854
{}
句子： 855
{}
句子： 856
{}
句子： 857
{}
句子： 858
{}
句子： 859
{}
句子： 860
{}
句子： 861
{}
句子： 862
{}
句子： 863
{}
句子： 864
{}
句子： 865
{}
句子： 866
{}
句子： 867
{}
句子： 868
{}
句子： 869
++拼音一致++
{'见贤思其': '见贤思齐'}
句子： 870
++拼音一致++
{'清红皂白': '青红皂白'}
句子： 871
{}
句子： 872
{}
句子： 873
{}
句子： 874
{}
句子： 875
{}
句子： 876
{}
句子： 877
{}
句子： 878
{}
句子： 879
{}
句子： 880
{}
句子： 881
{}
句子： 882
{}
句子： 883
{}
句子： 884
{}
句子： 885
{}
句子： 886
++拼音一致++
{'闲情意致': '闲情逸致'}
句子： 887
{}
句子： 888
{}
句子： 889
{}
句子： 890
{}
句子： 891
{}
句子： 892
{}
句子： 893
{}
句子： 894
++拼音一致++
{'愁梅苦脸': '愁眉苦脸'}
句子： 895
{}
句子： 896
{}
句子： 897
{}
句子： 898
++在混淆集1++
{'拼肩作战': '并肩作战'}
句子： 899
++在混淆集1++
{'平谈无奇': '平淡无奇'}
句子： 900
{}
句子： 901
{}
句子： 902
{}
句子： 903
{}
句子： 904
{}
句子： 905
{}
句子： 906
{}
句子： 907
{}
句子： 908
{}
句子： 909
++拼音一致++
{'迎仞而解': '迎刃而解'}
句子： 910
{}
句子： 911
++拼音一致++
{'毫不犹预': '毫不犹豫'}
句子： 912
{}
句子： 913
{}
句子： 914
{}
句子： 915
{}
句子： 916
{}
句子： 917
{}
句子： 918
{}
句子： 919
{}
句子： 920
{}
句子： 921
{}
句子： 922
{}
句子： 923
{}
句子： 924
{}
句子： 925
{}
句子： 926
{}
句子： 927
{}
句子： 928
++拼音一致++
{}
句子： 929
{}
句子： 930
{}
句子： 931
{}
句子： 932
++字形相似++
++字形相似++
++字形相似++
++字形相似++
{}
句子： 933
{}
句子： 934
{}
句子： 935
{}
句子： 936
{}
句子： 937
{}
句子： 938
{}
句子： 939
{}
句子： 940
{}
句子： 941
{}
句子： 942
{}
句子： 943
{}
句子： 944
{}
句子： 945
{}
句子： 946
{}
句子： 947
{}
句子： 948
{}
句子： 949
{}
句子： 950
++在混淆集1++
{}
句子： 951
{}
句子： 952
{}
句子： 953
{}
句子： 954
{}
句子： 955
{}
句子： 956
{}
句子： 957
{}
句子： 958
++拼音一致++
{'天方夜潭': '天方夜谭'}
句子： 959
{}
句子： 960
{}
句子： 961
{}
句子： 962
{}
句子： 963
{}
句子： 964
++拼音一致++
{'破涕微笑': '破涕为笑'}
句子： 965
{}
句子： 966
{}
句子： 967
{}
句子： 968
++拼音一致++
{'疲备不堪': '疲惫不堪'}
句子： 969
{}
句子： 970
++拼音一致++
{'无悠无虑': '无忧无虑'}
句子： 971
{}
句子： 972
{}
句子： 973
{}
句子： 974
{}
句子： 975
{}
句子： 976
{}
句子： 977
{}
句子： 978
{}
句子： 979
{}
句子： 980
{}
句子： 981
{}
句子： 982
{}
句子： 983
{}
句子： 984
{}
句子： 985
{}
句子： 986
{}
句子： 987
{}
句子： 988
{}
句子： 989
{}
句子： 990
{}
句子： 991
++拼音一致++
{'异想不到': '意想不到'}
句子： 992
{}
句子： 993
{}
句子： 994
{}
句子： 995
{}
句子： 996
{}
句子： 997
{}
句子： 998
{}
句子： 999
{}
句子： 1000
{}
句子： 1001
++拼音一致++
{'枯躁乏味': '枯燥乏味'}
句子： 1002
{}
句子： 1003
{}
句子： 1004
{}
句子： 1005
{}
句子： 1006
{}
